#
# There is insufficient memory for the Java Runtime Environment to continue.
# Native memory allocation (mmap) failed to map 65536 bytes. Error detail: Failed to commit metaspace.
# Possible reasons:
#   The system is out of physical RAM or swap space
#   This process is running with CompressedOops enabled, and the Java Heap may be blocking the growth of the native heap
# Possible solutions:
#   Reduce memory load on the system
#   Increase physical memory or swap space
#   Check if swap backing store is full
#   Decrease Java heap size (-Xmx/-Xms)
#   Decrease number of Java threads
#   Decrease Java thread stack sizes (-Xss)
#   Set larger code cache with -XX:ReservedCodeCacheSize=
#   JVM is running with Unscaled Compressed Oops mode in which the Java heap is
#     placed in the first 4GB address space. The Java Heap base address is the
#     maximum limit for the native heap growth. Please use -XX:HeapBaseMinAddress
#     to set the Java Heap base and to place the Java Heap above 4GB virtual address.
# This output file may be truncated or incomplete.
#
#  Out of Memory Error (virtualSpaceNode.cpp:113), pid=26720, tid=28940
#
# JRE version: OpenJDK Runtime Environment Temurin-21.0.10+7 (21.0.10+7) (build 21.0.10+7-LTS)
# Java VM: OpenJDK 64-Bit Server VM Temurin-21.0.10+7 (21.0.10+7-LTS, mixed mode, sharing, tiered, compressed oops, compressed class ptrs, parallel gc, windows-amd64)
# No core dump will be written. Minidumps are not enabled by default on client versions of Windows
#

---------------  S U M M A R Y ------------

Command Line: --add-modules=ALL-SYSTEM --add-opens=java.base/java.util=ALL-UNNAMED --add-opens=java.base/java.lang=ALL-UNNAMED --add-opens=java.base/sun.nio.fs=ALL-UNNAMED -Declipse.application=org.eclipse.jdt.ls.core.id1 -Dosgi.bundles.defaultStartLevel=4 -Declipse.product=org.eclipse.jdt.ls.core.product -Djava.import.generatesMetadataFilesAtProjectRoot=false -DDetectVMInstallationsJob.disabled=true -Dfile.encoding=utf8 -XX:+UseParallelGC -XX:GCTimeRatio=4 -XX:AdaptiveSizePolicyWeight=90 -Dsun.zip.disableMemoryMapping=true -Xmx2G -Xms100m -Xlog:disable -javaagent:c:\Users\prav\.vscode\extensions\redhat.java-1.54.0-win32-x64\lombok\lombok-1.18.39-4050.jar -XX:+HeapDumpOnOutOfMemoryError -XX:HeapDumpPath=c:\Users\prav\AppData\Roaming\Code\User\workspaceStorage\583b31a5c4192fea81c55adec2474e07\redhat.java -Daether.dependencyCollector.impl=bf c:\Users\prav\.vscode\extensions\redhat.java-1.54.0-win32-x64\server\plugins\org.eclipse.equinox.launcher_1.7.100.v20251111-0406.jar -configuration c:\Users\prav\AppData\Roaming\Code\User\globalStorage\redhat.java\1.54.0\config_win -data c:\Users\prav\AppData\Roaming\Code\User\workspaceStorage\583b31a5c4192fea81c55adec2474e07\redhat.java\jdt_ws --pipe=\\.\pipe\lsp-9b586eddac6750e1407d681efa9de0db-sock

Host: 12th Gen Intel(R) Core(TM) i5-1230U, 12 cores, 15G,  Windows 11 , 64 bit Build 26100 (10.0.26100.7309)
Time: Thu Apr 23 22:56:14 2026 E. Australia Standard Time elapsed time: 3.262280 seconds (0d 0h 0m 3s)

---------------  T H R E A D  ---------------

Current thread (0x000002146cbd4d00):  JavaThread "Start Level: Equinox Container: 024ceb45-123e-41cc-937c-6c618d6015f9" daemon [_thread_in_vm, id=28940, stack(0x000000f1da300000,0x000000f1da400000) (1024K)]

Stack: [0x000000f1da300000,0x000000f1da400000]
Native frames: (J=compiled Java code, j=interpreted, Vv=VM code, C=native code)
V  [jvm.dll+0x6d7a39]
V  [jvm.dll+0x8b4b26]
V  [jvm.dll+0x8b70de]
V  [jvm.dll+0x8b77c3]
V  [jvm.dll+0x284346]
V  [jvm.dll+0x8b086e]
V  [jvm.dll+0x679444]
V  [jvm.dll+0x1e82bb]
V  [jvm.dll+0x1e807e]
V  [jvm.dll+0x67bd42]
V  [jvm.dll+0x67bb72]
V  [jvm.dll+0x679e1e]
V  [jvm.dll+0x26f614]
V  [jvm.dll+0x219f3f]
V  [jvm.dll+0x20f62e]
V  [jvm.dll+0x5b644f]
V  [jvm.dll+0x82ead6]
V  [jvm.dll+0x478db8]
V  [jvm.dll+0x47ebe8]
C  [java.dll+0x17ec]

Java frames: (J=compiled Java code, j=interpreted, Vv=VM code)
J 1101  java.lang.ClassLoader.defineClass1(Ljava/lang/ClassLoader;Ljava/lang/String;[BIILjava/security/ProtectionDomain;Ljava/lang/String;)Ljava/lang/Class; java.base@21.0.10 (0 bytes) @ 0x000002141df6c491 [0x000002141df6c3c0+0x00000000000000d1]
J 1837 c1 java.lang.ClassLoader.defineClass(Ljava/lang/String;[BIILjava/security/ProtectionDomain;)Ljava/lang/Class; java.base@21.0.10 (43 bytes) @ 0x000002141676177c [0x0000021416761420+0x000000000000035c]
j  org.eclipse.osgi.internal.loader.ModuleClassLoader.defineClass(Ljava/lang/String;[BLorg/eclipse/osgi/internal/loader/classpath/ClasspathEntry;)Lorg/eclipse/osgi/internal/loader/ModuleClassLoader$DefineClassResult;+37
j  org.eclipse.osgi.internal.loader.classpath.ClasspathManager.defineClass(Ljava/lang/String;[BLorg/eclipse/osgi/internal/loader/classpath/ClasspathEntry;Lorg/eclipse/osgi/storage/bundlefile/BundleEntry;Ljava/util/List;)Ljava/lang/Class;+424
j  org.eclipse.osgi.internal.loader.classpath.ClasspathManager.findClassImpl(Ljava/lang/String;Lorg/eclipse/osgi/internal/loader/classpath/ClasspathEntry;Ljava/util/List;)Ljava/lang/Class;+288
j  org.eclipse.osgi.internal.loader.classpath.ClasspathManager.findLocalClassImpl(Ljava/lang/String;[Lorg/eclipse/osgi/internal/loader/classpath/ClasspathEntry;Ljava/util/List;)Ljava/lang/Class;+30
j  org.eclipse.osgi.internal.loader.classpath.ClasspathManager.findLocalClassImpl(Ljava/lang/String;Ljava/util/List;)Ljava/lang/Class;+69
j  org.eclipse.osgi.internal.loader.classpath.ClasspathManager.findLocalClass(Ljava/lang/String;)Ljava/lang/Class;+113
j  org.eclipse.osgi.internal.loader.ModuleClassLoader.findLocalClass(Ljava/lang/String;)Ljava/lang/Class;+5
j  org.eclipse.osgi.internal.loader.BundleLoader.findLocalClass(Ljava/lang/String;)Ljava/lang/Class;+65
j  org.eclipse.osgi.internal.loader.BundleLoader.findClass0(Ljava/lang/String;ZZ)Ljava/lang/Class;+327
j  org.eclipse.osgi.internal.loader.BundleLoader.findClass(Ljava/lang/String;)Ljava/lang/Class;+4
j  org.eclipse.osgi.internal.loader.ModuleClassLoader.loadClass(Ljava/lang/String;Z)Ljava/lang/Class;+21
J 982 c1 java.lang.ClassLoader.loadClass(Ljava/lang/String;)Ljava/lang/Class; java.base@21.0.10 (7 bytes) @ 0x00000214165ae3d4 [0x00000214165ae2c0+0x0000000000000114]
v  ~StubRoutines::call_stub 0x000002141d96100d
j  org.apache.felix.scr.impl.logger.ScrLoggerFactory.create(Lorg/osgi/framework/BundleContext;Lorg/apache/felix/scr/impl/logger/LogConfiguration;)Lorg/apache/felix/scr/impl/logger/ScrLogger;+41
j  org.apache.felix.scr.impl.Activator.setLogger()V+16
j  org.apache.felix.scr.impl.config.ScrConfigurationImpl.configure(Ljava/util/Dictionary;Z)V+476
j  org.apache.felix.scr.impl.config.ScrConfigurationImpl.start(Lorg/osgi/framework/BundleContext;)V+43
j  org.apache.felix.scr.impl.Activator.start(Lorg/osgi/framework/BundleContext;)V+53
j  org.eclipse.osgi.internal.framework.BundleContextImpl$2.run()Ljava/lang/Void;+23
j  org.eclipse.osgi.internal.framework.BundleContextImpl$2.run()Ljava/lang/Object;+1
J 1133 c1 java.security.AccessController.executePrivileged(Ljava/security/PrivilegedExceptionAction;Ljava/security/AccessControlContext;Ljava/lang/Class;)Ljava/lang/Object; java.base@21.0.10 (65 bytes) @ 0x00000214165f12c4 [0x00000214165f1160+0x0000000000000164]
j  java.security.AccessController.doPrivileged(Ljava/security/PrivilegedExceptionAction;)Ljava/lang/Object;+9 java.base@21.0.10
j  org.eclipse.osgi.internal.framework.BundleContextImpl.startActivator(Lorg/osgi/framework/BundleActivator;)V+9
j  org.eclipse.osgi.internal.framework.BundleContextImpl.start()V+141
j  org.eclipse.osgi.internal.framework.EquinoxBundle.startWorker0()V+35
j  org.eclipse.osgi.internal.framework.EquinoxBundle$EquinoxModule.startWorker()V+4
j  org.eclipse.osgi.container.Module.doStart([Lorg/eclipse/osgi/container/Module$StartOptions;)Lorg/eclipse/osgi/container/ModuleContainerAdaptor$ModuleEvent;+200
j  org.eclipse.osgi.container.Module.start([Lorg/eclipse/osgi/container/Module$StartOptions;)V+460
j  org.eclipse.osgi.container.ModuleContainer$ContainerStartLevel$2.run()V+83
j  org.eclipse.osgi.internal.framework.EquinoxContainerAdaptor$1$1.execute(Ljava/lang/Runnable;)V+1
j  org.eclipse.osgi.container.ModuleContainer$ContainerStartLevel.incStartLevel(ILjava/util/List;Z)V+193
j  org.eclipse.osgi.container.ModuleContainer$ContainerStartLevel.incStartLevel(ILjava/util/List;Ljava/util/List;Ljava/util/List;Ljava/util/List;)V+19
j  org.eclipse.osgi.container.ModuleContainer$ContainerStartLevel.doContainerStartLevel(Lorg/eclipse/osgi/container/Module;I[Lorg/osgi/framework/FrameworkListener;)V+358
j  org.eclipse.osgi.container.ModuleContainer$ContainerStartLevel.dispatchEvent(Lorg/eclipse/osgi/container/Module;[Lorg/osgi/framework/FrameworkListener;ILjava/lang/Integer;)V+32
j  org.eclipse.osgi.container.ModuleContainer$ContainerStartLevel.dispatchEvent(Ljava/lang/Object;Ljava/lang/Object;ILjava/lang/Object;)V+15
j  org.eclipse.osgi.framework.eventmgr.EventManager.dispatchEvent(Ljava/util/Set;Lorg/eclipse/osgi/framework/eventmgr/EventDispatcher;ILjava/lang/Object;)V+48
j  org.eclipse.osgi.framework.eventmgr.EventManager$EventThread.run()V+26
v  ~StubRoutines::call_stub 0x000002141d96100d

Compiled method (n/a) 3297 1101     n 0       java.lang.ClassLoader::defineClass1 (native)
 total in heap  [0x000002141df6c210,0x000002141df6c698] = 1160
 relocation     [0x000002141df6c370,0x000002141df6c3a8] = 56
 main code      [0x000002141df6c3c0,0x000002141df6c696] = 726
 stub code      [0x000002141df6c696,0x000002141df6c698] = 2

[Constant Pool (empty)]

[MachCode]
[Entry Point]
  # {method} {0x000002142a434f58} 'defineClass1' '(Ljava/lang/ClassLoader;Ljava/lang/String;[BIILjava/security/ProtectionDomain;Ljava/lang/String;)Ljava/lang/Class;' in 'java/lang/ClassLoader'
  # parm0:    rdx:rdx   = 'java/lang/ClassLoader'
  # parm1:    r8:r8     = 'java/lang/String'
  # parm2:    r9:r9     = '[B'
  # parm3:    rdi       = int
  # parm4:    rsi       = int
  # parm5:    rcx:rcx   = 'java/security/ProtectionDomain'
  # parm6:    [sp+0xa0]   = 'java/lang/String'  (sp of caller)
  0x000002141df6c3c0: 448b 5208 | 49bb 0000 | 002a 1402 | 0000 4d03 | d349 3bc2 | 0f84 0600 

  0x000002141df6c3d8: ;   {runtime_call ic_miss_stub}
  0x000002141df6c3d8: 0000 e9a1 | 20a4 ff90 
[Verified Entry Point]
  0x000002141df6c3e0: 8984 2400 | 80ff ff55 | 488b ec48 | 81ec 9000 | 0000 6690 | 4181 7f20 | 0100 0000 

  0x000002141df6c3fc: ;   {runtime_call StubRoutines (final stubs)}
  0x000002141df6c3fc: 7405 e8dd | c5a2 ff48 | 837d 1000 | 488d 4510 | 480f 4445 | 1048 8944 | 2440 4889 | 4c24 7048 
  0x000002141df6c41c: 83f9 0048 | 8d44 2470 | 480f 4444 | 2470 4889 | 4424 3848 | 8974 2430 | 4889 7c24 | 284c 894c 
  0x000002141df6c43c: 2458 4983 | f900 488d | 4424 5848 | 0f44 4424 | 5848 8944 | 2420 4c89 | 4424 5049 | 83f8 004c 
  0x000002141df6c45c: 8d4c 2450 | 4c0f 444c | 2450 4889 | 5424 4848 | 83fa 004c | 8d44 2448 | 4c0f 4444 

  0x000002141df6c478: ;   {oop(a 'java/lang/Class'{0x0000000080000a88} = 'java/lang/ClassLoader')}
  0x000002141df6c478: 2448 49be | 880a 0080 | 0000 0000 | 4c89 7424 | 784c 8d74 | 2478 498b | d6c5 f877 

  0x000002141df6c494: ;   {internal_word}
  0x000002141df6c494: 49ba 91c4 | f61d 1402 | 0000 4d89 | 97a8 0300 | 0049 89a7 | a003 0000 

  0x000002141df6c4ac: ;   {external_word}
  0x000002141df6c4ac: 49ba c65c | 7d73 fd7f | 0000 4180 | 3a00 0f84 | 4e00 0000 | 5241 5041 

  0x000002141df6c4c4: ;   {metadata({method} {0x000002142a434f58} 'defineClass1' '(Ljava/lang/ClassLoader;Ljava/lang/String;[BIILjava/security/ProtectionDomain;Ljava/lang/String;)Ljava/lang/Class;' in 'java/lang/ClassLoader')}
  0x000002141df6c4c4: 5148 ba50 | 4f43 2a14 | 0200 0049 | 8bcf 4883 | ec20 40f6 | c40f 0f84 | 1900 0000 | 4883 ec08 
  0x000002141df6c4e4: ;   {runtime_call}
  0x000002141df6c4e4: 48b8 50e1 | 2673 fd7f | 0000 ffd0 | 4883 c408 | e90c 0000 

  0x000002141df6c4f8: ;   {runtime_call}
  0x000002141df6c4f8: 0048 b850 | e126 73fd | 7f00 00ff | d048 83c4 | 2041 5941 | 585a 498d | 8fc0 0300 | 0041 c787 
  0x000002141df6c518: 4c04 0000 | 0400 0000 

  0x000002141df6c520: ;   {runtime_call}
  0x000002141df6c520: 48b8 ac16 | 73d3 fd7f | 0000 ffd0 | c5f8 7741 | c787 4c04 | 0000 0500 | 0000 f083 | 4424 c000 
  0x000002141df6c540: 493b af50 | 0400 000f | 870e 0000 | 0041 83bf | 4804 0000 | 000f 842b | 0000 00c5 | f877 4889 
  0x000002141df6c560: 45f8 498b | cf4c 8be4 | 4883 ec20 | 4883 e4f0 

  0x000002141df6c570: ;   {runtime_call}
  0x000002141df6c570: 48b8 d052 | f272 fd7f | 0000 ffd0 | 498b e44d | 33e4 488b | 45f8 41c7 | 874c 0400 | 0008 0000 
  0x000002141df6c590: 0041 83bf | c804 0000 | 020f 84ca 

  0x000002141df6c59c: ;   {external_word}
  0x000002141df6c59c: 0000 0049 | bac6 5c7d | 73fd 7f00 | 0041 803a | 000f 844c | 0000 0048 

  0x000002141df6c5b4: ;   {metadata({method} {0x000002142a434f58} 'defineClass1' '(Ljava/lang/ClassLoader;Ljava/lang/String;[BIILjava/security/ProtectionDomain;Ljava/lang/String;)Ljava/lang/Class;' in 'java/lang/ClassLoader')}
  0x000002141df6c5b4: 8945 f848 | ba50 4f43 | 2a14 0200 | 0049 8bcf | 4883 ec20 | 40f6 c40f | 0f84 1900 | 0000 4883 
  0x000002141df6c5d4: ;   {runtime_call}
  0x000002141df6c5d4: ec08 48b8 | 50e1 2673 | fd7f 0000 | ffd0 4883 | c408 e90c 

  0x000002141df6c5e8: ;   {runtime_call}
  0x000002141df6c5e8: 0000 0048 | b850 e126 | 73fd 7f00 | 00ff d048 | 83c4 2048 | 8b45 f849 | c787 a003 | 0000 0000 
  0x000002141df6c608: 0000 49c7 | 87a8 0300 | 0000 0000 | 00c5 f877 | 4885 c00f | 8425 0000 | 00a8 030f | 8508 0000 
  0x000002141df6c628: 0048 8b00 | e915 0000 | 00a8 010f | 8509 0000 | 0048 8b40 | fee9 0400 | 0000 488b | 40ff 498b 
  0x000002141df6c648: 8f30 0400 | 00c7 8100 | 0100 0000 | 0000 00c9 | 4983 7f08 | 000f 8501 | 0000 00c3 

  0x000002141df6c664: ;   {runtime_call StubRoutines (initial stubs)}
  0x000002141df6c664: e997 489f | ffc5 f877 | 4889 45f8 | 4c8b e448 | 83ec 2048 

  0x000002141df6c678: ;   {runtime_call}
  0x000002141df6c678: 83e4 f048 | b8a0 1827 | 73fd 7f00 | 00ff d049 | 8be4 4d33 | e448 8b45 | f8e9 09ff | ffff f4f4 
[/MachCode]


Compiled method (c1) 3320 1837       3       java.lang.ClassLoader::defineClass (43 bytes)
 total in heap  [0x0000021416761210,0x0000021416761b70] = 2400
 relocation     [0x0000021416761370,0x0000021416761410] = 160
 main code      [0x0000021416761420,0x00000214167618c0] = 1184
 stub code      [0x00000214167618c0,0x0000021416761938] = 120
 metadata       [0x0000021416761938,0x0000021416761968] = 48
 scopes data    [0x0000021416761968,0x0000021416761a58] = 240
 scopes pcs     [0x0000021416761a58,0x0000021416761b38] = 224
 dependencies   [0x0000021416761b38,0x0000021416761b48] = 16
 nul chk table  [0x0000021416761b48,0x0000021416761b70] = 40

[Constant Pool (empty)]

[MachCode]
[Entry Point]
  # {method} {0x000002142a4352d8} 'defineClass' '(Ljava/lang/String;[BIILjava/security/ProtectionDomain;)Ljava/lang/Class;' in 'java/lang/ClassLoader'
  # this:     rdx:rdx   = 'java/lang/ClassLoader'
  # parm0:    r8:r8     = 'java/lang/String'
  # parm1:    r9:r9     = '[B'
  # parm2:    rdi       = int
  # parm3:    rsi       = int
  # parm4:    rcx:rcx   = 'java/security/ProtectionDomain'
  #           [sp+0xc0]  (sp of caller)
  0x0000021416761420: 448b 5208 | 49bb 0000 | 002a 1402 | 0000 4d03 | d34c 3bd0 

  0x0000021416761434: ;   {runtime_call ic_miss_stub}
  0x0000021416761434: 0f85 46d0 | 2407 660f | 1f44 0000 
[Verified Entry Point]
  0x0000021416761440: 8984 2400 | 80ff ff55 | 4881 ecb0 | 0000 0090 | 4181 7f20 | 0100 0000 

  0x0000021416761458: ;   {runtime_call StubRoutines (final stubs)}
  0x0000021416761458: 7405 e881 | 7523 0748 | 8954 2478 

  0x0000021416761464: ;   {metadata(method data for {method} {0x000002142a4352d8} 'defineClass' '(Ljava/lang/String;[BIILjava/security/ProtectionDomain;)Ljava/lang/Class;' in 'java/lang/ClassLoader')}
  0x0000021416761464: 48bb 4878 | 366d 1402 | 0000 8b83 | cc00 0000 | 83c0 0289 | 83cc 0000 | 0025 fe07 | 0000 85c0 
  0x0000021416761484: 0f84 5803 | 0000 89b4 | 2494 0000 | 0089 bc24 | 9000 0000 | 4c89 8c24 | 8800 0000 

  0x00000214167614a0: ;   {metadata(method data for {method} {0x000002142a4352d8} 'defineClass' '(Ljava/lang/String;[BIILjava/security/ProtectionDomain;)Ljava/lang/Class;' in 'java/lang/ClassLoader')}
  0x00000214167614a0: 488b da48 | b848 7836 | 6d14 0200 | 0048 8380 | 1001 0000 | 0149 8bd8 | 4c8b c34c | 8bc9 488b 
  0x00000214167614c0: ca48 8bd1 | 4889 9c24 | 8000 0000 

  0x00000214167614cc: ;   {optimized virtual_call}
  0x00000214167614cc: 6666 90e8 

  0x00000214167614d0: ; ImmutableOopMap {[120]=Oop [128]=Oop [136]=Oop }
                      ;*invokevirtual preDefineClass {reexecute=0 rethrow=0 return_oop=0}
                      ; - java.lang.ClassLoader::defineClass@4
  0x00000214167614d0: 4cd5 eeff 

  0x00000214167614d4: ;   {other}
  0x00000214167614d4: 0f1f 8400 | c402 0000 | 4889 8424 | 9800 0000 | 488b 5424 

  0x00000214167614e8: ;   {metadata(method data for {method} {0x000002142a4352d8} 'defineClass' '(Ljava/lang/String;[BIILjava/security/ProtectionDomain;)Ljava/lang/Class;' in 'java/lang/ClassLoader')}
  0x00000214167614e8: 7849 b848 | 7836 6d14 | 0200 0049 | 8380 4801 

  0x00000214167614f8: ;   {metadata(method data for {method} {0x000002142a434fc0} 'defineClassSourceLocation' '(Ljava/security/ProtectionDomain;)Ljava/lang/String;' in 'java/lang/ClassLoader')}
  0x00000214167614f8: 0000 0149 | b860 7f36 | 6d14 0200 | 0041 8b90 | cc00 0000 | 83c2 0241 | 8990 cc00 | 0000 81e2 
  0x0000021416761518: feff 1f00 | 85d2 0f84 | df02 0000 

  0x0000021416761524: ; implicit exception: dispatches to 0x0000021416761824
  0x0000021416761524: 483b 004c 

  0x0000021416761528: ;   {metadata(method data for {method} {0x000002142a434fc0} 'defineClassSourceLocation' '(Ljava/security/ProtectionDomain;)Ljava/lang/String;' in 'java/lang/ClassLoader')}
  0x0000021416761528: 8bc0 48ba | 607f 366d | 1402 0000 | 4883 8210 | 0100 0001 | 448b 4010 

  0x0000021416761540: ;   {metadata(method data for {method} {0x000002142a434fc0} 'defineClassSourceLocation' '(Ljava/security/ProtectionDomain;)Ljava/lang/String;' in 'java/lang/ClassLoader')}
  0x0000021416761540: 4d85 c048 | ba60 7f36 | 6d14 0200 | 0048 c7c6 | 5801 0000 | 7507 48c7 | c648 0100 | 0048 8b3c 
  0x0000021416761560: 3248 8d7f | 0148 893c | 320f 850f 

  0x000002141676156c: ;   {oop(nullptr)}
  0x000002141676156c: 0000 0048 | bb00 0000 | 0000 0000 | 00e9 a901 | 0000 493b | 0049 8bd0 

  0x0000021416761584: ;   {metadata(method data for {method} {0x000002142a434fc0} 'defineClassSourceLocation' '(Ljava/security/ProtectionDomain;)Ljava/lang/String;' in 'java/lang/ClassLoader')}
  0x0000021416761584: 48be 607f | 366d 1402 | 0000 4883 | 8668 0100 | 0001 418b | 500c 4885 

  0x000002141676159c: ;   {metadata(method data for {method} {0x000002142a434fc0} 'defineClassSourceLocation' '(Ljava/security/ProtectionDomain;)Ljava/lang/String;' in 'java/lang/ClassLoader')}
  0x000002141676159c: d248 be60 | 7f36 6d14 | 0200 0048 | c7c7 b001 | 0000 7507 | 48c7 c7a0 | 0100 0048 | 8b1c 3e48 
  0x00000214167615bc: 8d5b 0148 | 891c 3e0f | 850f 0000 

  0x00000214167615c8: ;   {oop(nullptr)}
  0x00000214167615c8: 0048 bb00 | 0000 0000 | 0000 00e9 | 4f01 0000 

  0x00000214167615d8: ;   {metadata(method data for {method} {0x000002142a434fc0} 'defineClassSourceLocation' '(Ljava/security/ProtectionDomain;)Ljava/lang/String;' in 'java/lang/ClassLoader')}
  0x00000214167615d8: 48be 607f | 366d 1402 | 0000 4883 | 86c0 0100 | 0001 483b | 024c 8bc2 

  0x00000214167615f0: ;   {metadata(method data for {method} {0x000002142a434fc0} 'defineClassSourceLocation' '(Ljava/security/ProtectionDomain;)Ljava/lang/String;' in 'java/lang/ClassLoader')}
  0x00000214167615f0: 48be 607f | 366d 1402 | 0000 4883 | 86f8 0100 

  0x0000021416761600: ;   {metadata(method data for {method} {0x000002142a01abf0} 'toString' '()Ljava/lang/String;' in 'java/net/URL')}
  0x0000021416761600: 0001 49b8 | 3073 366d | 1402 0000 | 418b b0cc | 0000 0083 | c602 4189 | b0cc 0000 | 0081 e6fe 
  0x0000021416761620: ff1f 0085 | f60f 8408 | 0200 004c 

  0x000002141676162c: ;   {metadata(method data for {method} {0x000002142a01abf0} 'toString' '()Ljava/lang/String;' in 'java/net/URL')}
  0x000002141676162c: 8bc2 48be | 3073 366d | 1402 0000 | 4883 8610 | 0100 0001 

  0x0000021416761640: ;   {metadata(method data for {method} {0x000002142a428b60} 'toExternalForm' '()Ljava/lang/String;' in 'java/net/URL')}
  0x0000021416761640: 49b8 b823 | 366d 1402 | 0000 418b | b0cc 0000 | 0083 c602 | 4189 b0cc | 0000 0081 | e6fe ff1f 
  0x0000021416761660: 0085 f60f | 84eb 0100 | 008b 7238 

  0x000002141676166c: ; implicit exception: dispatches to 0x0000021416761875
  0x000002141676166c: 483b 064c 

  0x0000021416761670: ;   {metadata(method data for {method} {0x000002142a428b60} 'toExternalForm' '()Ljava/lang/String;' in 'java/net/URL')}
  0x0000021416761670: 8bc6 48bf | b823 366d | 1402 0000 | 458b 4008 | 49ba 0000 | 002a 1402 | 0000 4d03 | c24c 3b87 
  0x0000021416761690: 2001 0000 | 750d 4883 | 8728 0100 | 0001 e960 | 0000 004c | 3b87 3001 | 0000 750d | 4883 8738 
  0x00000214167616b0: 0100 0001 | e94a 0000 | 0048 83bf | 2001 0000 | 0075 174c | 8987 2001 | 0000 48c7 | 8728 0100 
  0x00000214167616d0: 0001 0000 | 00e9 2900 | 0000 4883 | bf30 0100 | 0000 7517 | 4c89 8730 | 0100 0048 | c787 3801 
  0x00000214167616f0: 0000 0100 | 0000 e908 | 0000 0048 | 8387 1001 | 0000 014c | 8bc2 488b | d60f 1f40 | 0048 b8ff 
  0x0000021416761710: ffff ffff 

  0x0000021416761714: ;   {virtual_call}
  0x0000021416761714: ffff ffe8 

  0x0000021416761718: ; ImmutableOopMap {[120]=Oop [128]=Oop [136]=Oop [152]=Oop }
                      ;*invokevirtual toExternalForm {reexecute=0 rethrow=0 return_oop=0}
                      ; - java.net.URL::toExternalForm@5
                      ; - java.net.URL::toString@1
                      ; - java.lang.ClassLoader::defineClassSourceLocation@22
                      ; - java.lang.ClassLoader::defineClass@12
  0x0000021416761718: 7c66 3007 

  0x000002141676171c: ;   {other}
  0x000002141676171c: 0f1f 8400 | 0c05 0001 | 488b d848 | 8b84 2498 | 0000 008b | b424 9400 | 0000 8bbc | 2490 0000 
  0x000002141676173c: 004c 8b8c | 2488 0000 | 004c 8b84 | 2480 0000 | 0048 8b54 

  0x0000021416761750: ;   {metadata(method data for {method} {0x000002142a4352d8} 'defineClass' '(Ljava/lang/String;[BIILjava/security/ProtectionDomain;)Ljava/lang/Class;' in 'java/lang/ClassLoader')}
  0x0000021416761750: 2478 48b9 | 4878 366d | 1402 0000 | 4883 8180 | 0100 0001 | 4c8b da49 | 8bd3 488b | c848 891c 
  0x0000021416761770: 2466 0f1f 

  0x0000021416761774: ;   {static_call}
  0x0000021416761774: 4400 00e8 

  0x0000021416761778: ; ImmutableOopMap {[120]=Oop [152]=Oop }
                      ;*invokestatic defineClass1 {reexecute=0 rethrow=0 return_oop=0}
                      ; - java.lang.ClassLoader::defineClass@27
  0x0000021416761778: 64ac 8007 

  0x000002141676177c: ;   {other}
  0x000002141676177c: 0f1f 8400 | 6c05 0002 | 488b 5424 

  0x0000021416761788: ;   {metadata(method data for {method} {0x000002142a4352d8} 'defineClass' '(Ljava/lang/String;[BIILjava/security/ProtectionDomain;)Ljava/lang/Class;' in 'java/lang/ClassLoader')}
  0x0000021416761788: 7849 b848 | 7836 6d14 | 0200 0049 | 8380 9001 | 0000 014c | 8bc0 4c8b | 8c24 9800 | 0000 488b 
  0x00000214167617a8: 5424 7848 | 8984 24a0 | 0000 000f 

  0x00000214167617b4: ;   {optimized virtual_call}
  0x00000214167617b4: 1f40 00e8 

  0x00000214167617b8: ; ImmutableOopMap {[160]=Oop }
                      ;*invokevirtual postDefineClass {reexecute=0 rethrow=0 return_oop=0}
                      ; - java.lang.ClassLoader::defineClass@37
  0x00000214167617b8: e4ec f7ff 

  0x00000214167617bc: ;   {other}
  0x00000214167617bc: 0f1f 8400 | ac05 0003 | 488b 8424 | a000 0000 | 4881 c4b0 | 0000 005d 

  0x00000214167617d4: ;   {poll_return}
  0x00000214167617d4: 493b a750 | 0400 000f | 8799 0000 

  0x00000214167617e0: ;   {metadata({method} {0x000002142a4352d8} 'defineClass' '(Ljava/lang/String;[BIILjava/security/ProtectionDomain;)Ljava/lang/Class;' in 'java/lang/ClassLoader')}
  0x00000214167617e0: 00c3 49ba | d052 432a | 1402 0000 | 4c89 5424 | 0848 c704 | 24ff ffff 

  0x00000214167617f8: ;   {runtime_call counter_overflow Runtime1 stub}
  0x00000214167617f8: ffe8 022c 

  0x00000214167617fc: ; ImmutableOopMap {rdx=Oop r8=Oop r9=Oop rcx=Oop [120]=Oop }
                      ;*synchronization entry
                      ; - java.lang.ClassLoader::defineClass@-1
  0x00000214167617fc: 3007 e987 

  0x0000021416761800: ;   {metadata({method} {0x000002142a434fc0} 'defineClassSourceLocation' '(Ljava/security/ProtectionDomain;)Ljava/lang/String;' in 'java/lang/ClassLoader')}
  0x0000021416761800: fcff ff49 | bab8 4f43 | 2a14 0200 | 004c 8954 | 2408 48c7 | 0424 ffff 

  0x0000021416761818: ;   {runtime_call counter_overflow Runtime1 stub}
  0x0000021416761818: ffff e8e1 

  0x000002141676181c: ; ImmutableOopMap {rax=Oop [120]=Oop [128]=Oop [136]=Oop [152]=Oop }
                      ;*synchronization entry
                      ; - java.lang.ClassLoader::defineClassSourceLocation@-1
                      ; - java.lang.ClassLoader::defineClass@12
  0x000002141676181c: 2b30 07e9 | 00fd ffff 

  0x0000021416761824: ;   {runtime_call throw_null_pointer_exception Runtime1 stub}
  0x0000021416761824: e8d7 bf2f 

  0x0000021416761828: ; ImmutableOopMap {rax=Oop [120]=Oop [128]=Oop [136]=Oop [152]=Oop }
                      ;*invokevirtual getCodeSource {reexecute=0 rethrow=0 return_oop=0}
                      ; - java.lang.ClassLoader::defineClassSourceLocation@1
                      ; - java.lang.ClassLoader::defineClass@12
                      ;   {runtime_call throw_null_pointer_exception Runtime1 stub}
  0x0000021416761828: 07e8 d2bf 

  0x000002141676182c: ; ImmutableOopMap {rax=Oop r8=Oop [120]=Oop [128]=Oop [136]=Oop [152]=Oop }
                      ;*invokevirtual getLocation {reexecute=0 rethrow=0 return_oop=0}
                      ; - java.lang.ClassLoader::defineClassSourceLocation@12
                      ; - java.lang.ClassLoader::defineClass@12
                      ;   {runtime_call throw_null_pointer_exception Runtime1 stub}
  0x000002141676182c: 2f07 e8cd 

  0x0000021416761830: ; ImmutableOopMap {rdx=Oop [120]=Oop [128]=Oop [136]=Oop [152]=Oop }
                      ;*invokevirtual toString {reexecute=0 rethrow=0 return_oop=0}
                      ; - java.lang.ClassLoader::defineClassSourceLocation@22
                      ; - java.lang.ClassLoader::defineClass@12
                      ;   {metadata({method} {0x000002142a01abf0} 'toString' '()Ljava/lang/String;' in 'java/net/URL')}
  0x0000021416761830: bf2f 0749 | bae8 ab01 | 2a14 0200 | 004c 8954 | 2408 48c7 | 0424 ffff 

  0x0000021416761848: ;   {runtime_call counter_overflow Runtime1 stub}
  0x0000021416761848: ffff e8b1 

  0x000002141676184c: ; ImmutableOopMap {rdx=Oop [120]=Oop [128]=Oop [136]=Oop [152]=Oop }
                      ;*synchronization entry
                      ; - java.net.URL::toString@-1
                      ; - java.lang.ClassLoader::defineClassSourceLocation@22
                      ; - java.lang.ClassLoader::defineClass@12
  0x000002141676184c: 2b30 07e9 | d7fd ffff 

  0x0000021416761854: ;   {metadata({method} {0x000002142a428b60} 'toExternalForm' '()Ljava/lang/String;' in 'java/net/URL')}
  0x0000021416761854: 49ba 588b | 422a 1402 | 0000 4c89 | 5424 0848 | c704 24ff 

  0x0000021416761868: ;   {runtime_call counter_overflow Runtime1 stub}
  0x0000021416761868: ffff ffe8 

  0x000002141676186c: ; ImmutableOopMap {rdx=Oop [120]=Oop [128]=Oop [136]=Oop [152]=Oop }
                      ;*synchronization entry
                      ; - java.net.URL::toExternalForm@-1
                      ; - java.net.URL::toString@1
                      ; - java.lang.ClassLoader::defineClassSourceLocation@22
                      ; - java.lang.ClassLoader::defineClass@12
  0x000002141676186c: 902b 3007 | e9f4 fdff 

  0x0000021416761874: ;   {runtime_call throw_null_pointer_exception Runtime1 stub}
  0x0000021416761874: ffe8 86bf 

  0x0000021416761878: ; ImmutableOopMap {rdx=Oop rsi=Oop [120]=Oop [128]=Oop [136]=Oop [152]=Oop }
                      ;*invokevirtual toExternalForm {reexecute=0 rethrow=0 return_oop=0}
                      ; - java.net.URL::toExternalForm@5
                      ; - java.net.URL::toString@1
                      ; - java.lang.ClassLoader::defineClassSourceLocation@22
                      ; - java.lang.ClassLoader::defineClass@12
                      ;   {internal_word}
  0x0000021416761878: 2f07 49ba | d417 7616 | 1402 0000 | 4d89 9768 

  0x0000021416761888: ;   {runtime_call SafepointBlob}
  0x0000021416761888: 0400 00e9 | 7032 2507 | 498b 8700 | 0500 0049 | c787 0005 | 0000 0000 | 0000 49c7 | 8708 0500 
  0x00000214167618a8: 0000 0000 | 0048 81c4 | b000 0000 

  0x00000214167618b4: ;   {runtime_call unwind_exception Runtime1 stub}
  0x00000214167618b4: 5de9 46b0 | 2f07 f4f4 | f4f4 f4f4 
[Stub Code]
  0x00000214167618c0: ;   {no_reloc}
  0x00000214167618c0: 0f1f 4400 

  0x00000214167618c4: ;   {static_stub}
  0x00000214167618c4: 0048 bb00 | 0000 0000 

  0x00000214167618cc: ;   {runtime_call nmethod}
  0x00000214167618cc: 0000 00e9 | fbff ffff 

  0x00000214167618d4: ;   {static_stub}
  0x00000214167618d4: 48bb 0000 | 0000 0000 

  0x00000214167618dc: ;   {runtime_call nmethod}
  0x00000214167618dc: 0000 e9fb 

  0x00000214167618e0: ;   {static_stub}
  0x00000214167618e0: ffff ff48 | bb00 0000 | 0000 0000 

  0x00000214167618ec: ;   {runtime_call nmethod}
  0x00000214167618ec: 00e9 fbff 

  0x00000214167618f0: ;   {static_stub}
  0x00000214167618f0: ffff 48bb | 0000 0000 | 0000 0000 

  0x00000214167618fc: ;   {runtime_call nmethod}
  0x00000214167618fc: e9fb ffff 

  0x0000021416761900: ;   {runtime_call handle_exception_from_callee Runtime1 stub}
  0x0000021416761900: ffe8 faeb 

  0x0000021416761904: ;   {external_word}
  0x0000021416761904: 2f07 48b9 | 4053 5373 | fd7f 0000 | 4883 e4f0 

  0x0000021416761914: ;   {runtime_call}
  0x0000021416761914: 48b8 b0c3 | 1573 fd7f | 0000 ffd0 

  0x0000021416761920: ;   {section_word}
  0x0000021416761920: f449 ba21 | 1976 1614 | 0200 0041 

  0x000002141676192c: ;   {runtime_call DeoptimizationBlob}
  0x000002141676192c: 52e9 6e24 | 2507 f4f4 | f4f4 f4f4 
[/MachCode]


Compiled method (c1) 3374  982       3       java.lang.ClassLoader::loadClass (7 bytes)
 total in heap  [0x00000214165ae110,0x00000214165ae500] = 1008
 relocation     [0x00000214165ae270,0x00000214165ae2b0] = 64
 main code      [0x00000214165ae2c0,0x00000214165ae450] = 400
 stub code      [0x00000214165ae450,0x00000214165ae498] = 72
 metadata       [0x00000214165ae498,0x00000214165ae4a0] = 8
 scopes data    [0x00000214165ae4a0,0x00000214165ae4b8] = 24
 scopes pcs     [0x00000214165ae4b8,0x00000214165ae4f8] = 64
 dependencies   [0x00000214165ae4f8,0x00000214165ae500] = 8

[Constant Pool (empty)]

[MachCode]
[Entry Point]
  # {method} {0x000002142a0143f0} 'loadClass' '(Ljava/lang/String;)Ljava/lang/Class;' in 'java/lang/ClassLoader'
  # this:     rdx:rdx   = 'java/lang/ClassLoader'
  # parm0:    r8:r8     = 'java/lang/String'
  #           [sp+0x40]  (sp of caller)
  0x00000214165ae2c0: 448b 5208 | 49bb 0000 | 002a 1402 | 0000 4d03 | d34c 3bd0 

  0x00000214165ae2d4: ;   {runtime_call ic_miss_stub}
  0x00000214165ae2d4: 0f85 a601 | 4007 660f | 1f44 0000 
[Verified Entry Point]
  0x00000214165ae2e0: 8984 2400 | 80ff ff55 | 4883 ec30 | 4181 7f20 | 0100 0000 

  0x00000214165ae2f4: ;   {runtime_call StubRoutines (final stubs)}
  0x00000214165ae2f4: 7405 e8e5 

  0x00000214165ae2f8: ;   {metadata(method data for {method} {0x000002142a0143f0} 'loadClass' '(Ljava/lang/String;)Ljava/lang/Class;' in 'java/lang/ClassLoader')}
  0x00000214165ae2f8: a63e 0749 | b968 522a | 6d14 0200 | 0041 8bb1 | cc00 0000 | 83c6 0241 | 89b1 cc00 | 0000 81e6 
  0x00000214165ae318: fe07 0000 | 85f6 0f84 | cb00 0000 

  0x00000214165ae324: ;   {metadata(method data for {method} {0x000002142a0143f0} 'loadClass' '(Ljava/lang/String;)Ljava/lang/Class;' in 'java/lang/ClassLoader')}
  0x00000214165ae324: 4c8b ca48 | be68 522a | 6d14 0200 | 0045 8b49 | 0849 ba00 | 0000 2a14 | 0200 004d | 03ca 4c3b 
  0x00000214165ae344: 8e20 0100 | 0075 0d48 | 8386 2801 | 0000 01e9 | 6000 0000 | 4c3b 8e30 | 0100 0075 | 0d48 8386 
  0x00000214165ae364: 3801 0000 | 01e9 4a00 | 0000 4883 | be20 0100 | 0000 7517 | 4c89 8e20 | 0100 0048 | c786 2801 
  0x00000214165ae384: 0000 0100 | 0000 e929 | 0000 0048 | 83be 3001 | 0000 0075 | 174c 898e | 3001 0000 | 48c7 8638 
  0x00000214165ae3a4: 0100 0001 | 0000 00e9 | 0800 0000 | 4883 8610 | 0100 0001 | 41b9 0000 | 0000 0f1f | 8000 0000 
  0x00000214165ae3c4: 0048 b8ff | ffff ffff 

  0x00000214165ae3cc: ;   {virtual_call}
  0x00000214165ae3cc: ffff ffe8 

  0x00000214165ae3d0: ; ImmutableOopMap {}
                      ;*invokevirtual loadClass {reexecute=0 rethrow=0 return_oop=0}
                      ; - java.lang.ClassLoader::loadClass@3
  0x00000214165ae3d0: 6499 4b07 

  0x00000214165ae3d4: ;   {other}
  0x00000214165ae3d4: 0f1f 8400 | c402 0000 | 4883 c430 

  0x00000214165ae3e0: ;   {poll_return}
  0x00000214165ae3e0: 5d49 3ba7 | 5004 0000 | 0f87 2200 

  0x00000214165ae3ec: ;   {metadata({method} {0x000002142a0143f0} 'loadClass' '(Ljava/lang/String;)Ljava/lang/Class;' in 'java/lang/ClassLoader')}
  0x00000214165ae3ec: 0000 c349 | bae8 4301 | 2a14 0200 | 004c 8954 | 2408 48c7 | 0424 ffff 

  0x00000214165ae404: ;   {runtime_call counter_overflow Runtime1 stub}
  0x00000214165ae404: ffff e8f5 

  0x00000214165ae408: ; ImmutableOopMap {rdx=Oop r8=Oop }
                      ;*synchronization entry
                      ; - java.lang.ClassLoader::loadClass@-1
  0x00000214165ae408: 5f4b 07e9 | 14ff ffff 

  0x00000214165ae410: ;   {internal_word}
  0x00000214165ae410: 49ba e1e3 | 5a16 1402 | 0000 4d89 | 9768 0400 

  0x00000214165ae420: ;   {runtime_call SafepointBlob}
  0x00000214165ae420: 00e9 da66 | 4007 498b | 8700 0500 | 0049 c787 | 0005 0000 | 0000 0000 | 49c7 8708 | 0500 0000 
  0x00000214165ae440: 0000 0048 | 83c4 305d 

  0x00000214165ae448: ;   {runtime_call unwind_exception Runtime1 stub}
  0x00000214165ae448: e9b3 e44a | 07f4 f4f4 
[Stub Code]
  0x00000214165ae450: ;   {no_reloc}
  0x00000214165ae450: 0f1f 4400 

  0x00000214165ae454: ;   {static_stub}
  0x00000214165ae454: 0048 bb00 | 0000 0000 

  0x00000214165ae45c: ;   {runtime_call nmethod}
  0x00000214165ae45c: 0000 00e9 | fbff ffff 
[Exception Handler]
  0x00000214165ae464: ;   {runtime_call handle_exception_from_callee Runtime1 stub}
  0x00000214165ae464: e897 204b 

  0x00000214165ae468: ;   {external_word}
  0x00000214165ae468: 0748 b940 | 5353 73fd | 7f00 0048 

  0x00000214165ae474: ;   {runtime_call}
  0x00000214165ae474: 83e4 f048 | b8b0 c315 | 73fd 7f00 | 00ff d0f4 
[Deopt Handler Code]
  0x00000214165ae484: ;   {section_word}
  0x00000214165ae484: 49ba 84e4 | 5a16 1402 | 0000 4152 

  0x00000214165ae490: ;   {runtime_call DeoptimizationBlob}
  0x00000214165ae490: e90b 5940 | 07f4 f4f4 
[/MachCode]


---------------  P R O C E S S  ---------------

Threads class SMR info:
_java_thread_list=0x0000021471ecf230, length=16, elements={
0x000002141322fa50, 0x000002146cbc44b0, 0x00000214131dd5d0, 0x000002146cbc8a50,
0x000002146cbc9830, 0x000002146cbd4670, 0x000002146cbd3950, 0x000002146cbdd890,
0x000002146cbfc280, 0x000002146cbd5390, 0x000002146cbd5a20, 0x000002146cbd3fe0,
0x000002146cbd60b0, 0x000002146cbd6740, 0x000002146cbd4d00, 0x000002146cbd6dd0
}

Java Threads: ( => current thread )
  0x000002141322fa50 JavaThread "main"                              [_thread_blocked, id=28880, stack(0x000000f1d8900000,0x000000f1d8a00000) (1024K)]
  0x000002146cbc44b0 JavaThread "Reference Handler"          daemon [_thread_blocked, id=4388, stack(0x000000f1d8d00000,0x000000f1d8e00000) (1024K)]
  0x00000214131dd5d0 JavaThread "Finalizer"                  daemon [_thread_blocked, id=3100, stack(0x000000f1d8e00000,0x000000f1d8f00000) (1024K)]
  0x000002146cbc8a50 JavaThread "Signal Dispatcher"          daemon [_thread_blocked, id=14104, stack(0x000000f1d8f00000,0x000000f1d9000000) (1024K)]
  0x000002146cbc9830 JavaThread "Attach Listener"            daemon [_thread_blocked, id=29252, stack(0x000000f1d9000000,0x000000f1d9100000) (1024K)]
  0x000002146cbd4670 JavaThread "Service Thread"             daemon [_thread_blocked, id=18376, stack(0x000000f1d9100000,0x000000f1d9200000) (1024K)]
  0x000002146cbd3950 JavaThread "Monitor Deflation Thread"   daemon [_thread_blocked, id=21060, stack(0x000000f1d9200000,0x000000f1d9300000) (1024K)]
  0x000002146cbdd890 JavaThread "C2 CompilerThread0"         daemon [_thread_blocked, id=29000, stack(0x000000f1d9300000,0x000000f1d9400000) (1024K)]
  0x000002146cbfc280 JavaThread "C1 CompilerThread0"         daemon [_thread_in_vm, id=16024, stack(0x000000f1d9400000,0x000000f1d9500000) (1024K)]
  0x000002146cbd5390 JavaThread "Common-Cleaner"             daemon [_thread_blocked, id=9132, stack(0x000000f1d9600000,0x000000f1d9700000) (1024K)]
  0x000002146cbd5a20 JavaThread "Notification Thread"        daemon [_thread_blocked, id=28980, stack(0x000000f1d9700000,0x000000f1d9800000) (1024K)]
  0x000002146cbd3fe0 JavaThread "Active Thread: Equinox Container: 024ceb45-123e-41cc-937c-6c618d6015f9"        [_thread_blocked, id=8252, stack(0x000000f1d9f00000,0x000000f1da000000) (1024K)]
  0x000002146cbd60b0 JavaThread "Refresh Thread: Equinox Container: 024ceb45-123e-41cc-937c-6c618d6015f9" daemon [_thread_blocked, id=19860, stack(0x000000f1da100000,0x000000f1da200000) (1024K)]
  0x000002146cbd6740 JavaThread "Framework Event Dispatcher: Equinox Container: 024ceb45-123e-41cc-937c-6c618d6015f9" daemon [_thread_in_vm, id=14184, stack(0x000000f1da200000,0x000000f1da300000) (1024K)]
=>0x000002146cbd4d00 JavaThread "Start Level: Equinox Container: 024ceb45-123e-41cc-937c-6c618d6015f9" daemon [_thread_in_vm, id=28940, stack(0x000000f1da300000,0x000000f1da400000) (1024K)]
  0x000002146cbd6dd0 JavaThread "Bundle File Closer"         daemon [_thread_blocked, id=9856, stack(0x000000f1da600000,0x000000f1da700000) (1024K)]
Total: 16

Other Threads:
  0x00000214131c2800 VMThread "VM Thread"                           [id=12604, stack(0x000000f1d8c00000,0x000000f1d8d00000) (1024K)]
  0x00000214130bca00 WatcherThread "VM Periodic Task Thread"        [id=25980, stack(0x000000f1d8b00000,0x000000f1d8c00000) (1024K)]
  0x000002141324e430 WorkerThread "GC Thread#0"                     [id=25668, stack(0x000000f1d8a00000,0x000000f1d8b00000) (1024K)]
  0x00000214714d3900 WorkerThread "GC Thread#1"                     [id=27064, stack(0x000000f1d9900000,0x000000f1d9a00000) (1024K)]
  0x0000021471753990 WorkerThread "GC Thread#2"                     [id=19204, stack(0x000000f1d9a00000,0x000000f1d9b00000) (1024K)]
  0x0000021471753d40 WorkerThread "GC Thread#3"                     [id=28488, stack(0x000000f1d9b00000,0x000000f1d9c00000) (1024K)]
  0x0000021471738c90 WorkerThread "GC Thread#4"                     [id=12508, stack(0x000000f1d9c00000,0x000000f1d9d00000) (1024K)]
  0x0000021471739450 WorkerThread "GC Thread#5"                     [id=30200, stack(0x000000f1d9d00000,0x000000f1d9e00000) (1024K)]
  0x00000214717664f0 WorkerThread "GC Thread#6"                     [id=29276, stack(0x000000f1d9e00000,0x000000f1d9f00000) (1024K)]
  0x00000214717b1290 WorkerThread "GC Thread#7"                     [id=22664, stack(0x000000f1da000000,0x000000f1da100000) (1024K)]
  0x0000021471bedd70 WorkerThread "GC Thread#8"                     [id=5740, stack(0x000000f1da400000,0x000000f1da500000) (1024K)]
  0x0000021471dac7a0 WorkerThread "GC Thread#9"                     [id=18612, stack(0x000000f1da500000,0x000000f1da600000) (1024K)]
Total: 12

Threads with active compile tasks:
C1 CompilerThread0  3393 2432       3       sun.util.locale.InternalLocaleBuilder::setExtensions (202 bytes)
Total: 1

VM state: not at safepoint (normal execution)

VM Mutex/Monitor currently owned by a thread:  ([mutex/lock_event])
[0x00007ffd737ec4e0] Metaspace_lock - owner thread: 0x000002146cbd4d00

OutOfMemory and StackOverflow Exception counts:
OutOfMemoryError java_heap_errors=1
LinkageErrors=32

Heap address: 0x0000000080000000, size: 2048 MB, Compressed Oops mode: 32-bit

CDS archive(s) mapped at: [0x000002142a000000-0x000002142aba0000-0x000002142aba0000), size 12189696, SharedBaseAddress: 0x000002142a000000, ArchiveRelocationMode: 1.
Compressed class space mapped at: 0x000002142b000000-0x000002146b000000, reserved size: 1073741824
Narrow klass base: 0x000002142a000000, Narrow klass shift: 0, Narrow klass range: 0x100000000

GC Precious Log:
 CardTable entry size: 512
 CPUs: 12 total, 12 available
 Memory: 16077M
 Large Page Support: Disabled
 NUMA Support: Disabled
 Compressed Oops: Enabled (32-bit)
 Alignments: Space 512K, Generation 512K, Heap 2M
 Heap Min Capacity: 100M
 Heap Initial Capacity: 100M
 Heap Max Capacity: 2G
 Pre-touch: Disabled
 Parallel Workers: 10

Heap:
 PSYoungGen      total 29696K, used 20366K [0x00000000d5580000, 0x00000000d7680000, 0x0000000100000000)
  eden space 25600K, 63% used [0x00000000d5580000,0x00000000d656a520,0x00000000d6e80000)
  from space 4096K, 99% used [0x00000000d6e80000,0x00000000d72794b8,0x00000000d7280000)
  to   space 4096K, 0% used [0x00000000d7280000,0x00000000d7280000,0x00000000d7680000)
 ParOldGen       total 68608K, used 5161K [0x0000000080000000, 0x0000000084300000, 0x00000000d5580000)
  object space 68608K, 7% used [0x0000000080000000,0x000000008050a790,0x0000000084300000)
 Metaspace       used 9795K, committed 10048K, reserved 1114112K
  class space    used 1031K, committed 1152K, reserved 1048576K

Card table byte_map: [0x0000021412bd0000,0x0000021412fe0000] _byte_map_base: 0x00000214127d0000

Marking Bits: (ParMarkBitMap*) 0x00007ffd737f3450
 Begin Bits: [0x00000214256e0000, 0x00000214276e0000)
 End Bits:   [0x00000214276e0000, 0x00000214296e0000)

Polling page: 0x00000214110a0000

Metaspace:

Usage:
  Non-class:      8.56 MB used.
      Class:      1.01 MB used.
       Both:      9.57 MB used.

Virtual space:
  Non-class space:       64.00 MB reserved,       8.69 MB ( 14%) committed,  1 nodes.
      Class space:        1.00 GB reserved,       1.12 MB ( <1%) committed,  1 nodes.
             Both:        1.06 GB reserved,       9.81 MB ( <1%) committed. 

Chunk freelists:
   Non-Class:  6.67 MB
       Class:  14.75 MB
        Both:  21.42 MB

MaxMetaspaceSize: unlimited
CompressedClassSpaceSize: 1.00 GB
Initial GC threshold: 21.00 MB
Current GC threshold: 21.00 MB
CDS: on
 - commit_granule_bytes: 65536.
 - commit_granule_words: 8192.
 - virtual_space_node_default_size: 8388608.
 - enlarge_chunks_in_place: 1.
 - use_allocation_guard: 0.


Internal statistics:

num_allocs_failed_limit: 0.
num_arena_births: 266.
num_arena_deaths: 0.
num_vsnodes_births: 2.
num_vsnodes_deaths: 0.
num_space_committed: 157.
num_space_uncommitted: 0.
num_chunks_returned_to_freelist: 0.
num_chunks_taken_from_freelist: 537.
num_chunk_merges: 0.
num_chunk_splits: 339.
num_chunks_enlarged: 222.
num_inconsistent_stats: 0.

CodeHeap 'non-profiled nmethods': size=120000Kb used=1141Kb max_used=1141Kb free=118858Kb
 bounds [0x000002141df00000, 0x000002141e170000, 0x0000021425430000]
CodeHeap 'profiled nmethods': size=120000Kb used=4504Kb max_used=4504Kb free=115495Kb
 bounds [0x0000021416430000, 0x00000214168a0000, 0x000002141d960000]
CodeHeap 'non-nmethods': size=5760Kb used=1234Kb max_used=1255Kb free=4525Kb
 bounds [0x000002141d960000, 0x000002141dbd0000, 0x000002141df00000]
CodeCache: size=245760Kb, used=6879Kb, max_used=6900Kb, free=238878Kb
 total_blobs=2922, nmethods=2423, adapters=405, full_count=0
Compilation: enabled, stopped_count=0, restarted_count=0

Compilation events (20 events):
Event: 3.249 Thread 0x000002146cbfc280 nmethod 2367 0x000002141e017210 code [0x000002141e0173a0, 0x000002141e017468]
Event: 3.249 Thread 0x000002146cbfc280 2368       3       sun.util.locale.LocaleUtils::isAlpha (30 bytes)
Event: 3.250 Thread 0x000002146cbfc280 nmethod 2368 0x0000021416870090 code [0x0000021416870240, 0x0000021416870410]
Event: 3.250 Thread 0x000002146cbfc280 2369       3       java.lang.ref.SoftReference::<init> (13 bytes)
Event: 3.250 Thread 0x000002146cbfc280 nmethod 2369 0x0000021416870490 code [0x0000021416870640, 0x00000214168708e0]
Event: 3.250 Thread 0x000002146cbfc280 2371       3       sun.util.locale.LocaleUtils::isLower (18 bytes)
Event: 3.251 Thread 0x000002146cbfc280 nmethod 2371 0x0000021416870a10 code [0x0000021416870ba0, 0x0000021416870d10]
Event: 3.251 Thread 0x000002146cbfc280 2370       1       sun.util.locale.StringTokenIterator::currentEnd (5 bytes)
Event: 3.251 Thread 0x000002146cbfc280 nmethod 2370 0x000002141e017510 code [0x000002141e0176a0, 0x000002141e017768]
Event: 3.251 Thread 0x000002146cbfc280 2373       3       java.util.ArrayList::remove (76 bytes)
Event: 3.252 Thread 0x000002146cbfc280 nmethod 2373 0x0000021416870d90 code [0x0000021416870f80, 0x0000021416871440]
Event: 3.252 Thread 0x000002146cbfc280 2372       1       sun.util.locale.BaseLocale$Key::hashCode (5 bytes)
Event: 3.252 Thread 0x000002146cbfc280 nmethod 2372 0x000002141e017810 code [0x000002141e0179a0, 0x000002141e017a68]
Event: 3.252 Thread 0x000002146cbfc280 2374       3       org.eclipse.osgi.internal.framework.EquinoxBundle::getSymbolicName (11 bytes)
Event: 3.252 Thread 0x000002146cbfc280 nmethod 2374 0x0000021416871610 code [0x00000214168717c0, 0x0000021416871988]
Event: 3.252 Thread 0x000002146cbfc280 2375       3       sun.util.locale.ParseStatus::isError (13 bytes)
Event: 3.253 Thread 0x000002146cbfc280 nmethod 2375 0x0000021416871a90 code [0x0000021416871c20, 0x0000021416871d80]
Event: 3.253 Thread 0x000002146cbfc280 2377       3       sun.util.locale.LocaleUtils::toLowerString (95 bytes)
Event: 3.255 Thread 0x000002146cbfc280 nmethod 2377 0x0000021416871e10 code [0x00000214168720e0, 0x0000021416873180]
Event: 3.255 Thread 0x000002146cbfc280 2378       3       sun.util.locale.LocaleUtils::isAlphaString (33 bytes)

GC Heap History (6 events):
Event: 0.725 GC heap before
{Heap before GC invocations=1 (full 0):
 PSYoungGen      total 29696K, used 25600K [0x00000000d5580000, 0x00000000d7680000, 0x0000000100000000)
  eden space 25600K, 100% used [0x00000000d5580000,0x00000000d6e80000,0x00000000d6e80000)
  from space 4096K, 0% used [0x00000000d7280000,0x00000000d7280000,0x00000000d7680000)
  to   space 4096K, 0% used [0x00000000d6e80000,0x00000000d6e80000,0x00000000d7280000)
 ParOldGen       total 68608K, used 0K [0x0000000080000000, 0x0000000084300000, 0x00000000d5580000)
  object space 68608K, 0% used [0x0000000080000000,0x0000000080000000,0x0000000084300000)
 Metaspace       used 4322K, committed 4608K, reserved 1114112K
  class space    used 473K, committed 576K, reserved 1048576K
}
Event: 0.734 GC heap after
{Heap after GC invocations=1 (full 0):
 PSYoungGen      total 29696K, used 3319K [0x00000000d5580000, 0x00000000d7680000, 0x0000000100000000)
  eden space 25600K, 0% used [0x00000000d5580000,0x00000000d5580000,0x00000000d6e80000)
  from space 4096K, 81% used [0x00000000d6e80000,0x00000000d71bde88,0x00000000d7280000)
  to   space 4096K, 0% used [0x00000000d7280000,0x00000000d7280000,0x00000000d7680000)
 ParOldGen       total 68608K, used 16K [0x0000000080000000, 0x0000000084300000, 0x00000000d5580000)
  object space 68608K, 0% used [0x0000000080000000,0x0000000080004000,0x0000000084300000)
 Metaspace       used 4322K, committed 4608K, reserved 1114112K
  class space    used 473K, committed 576K, reserved 1048576K
}
Event: 1.328 GC heap before
{Heap before GC invocations=2 (full 0):
 PSYoungGen      total 29696K, used 28919K [0x00000000d5580000, 0x00000000d7680000, 0x0000000100000000)
  eden space 25600K, 100% used [0x00000000d5580000,0x00000000d6e80000,0x00000000d6e80000)
  from space 4096K, 81% used [0x00000000d6e80000,0x00000000d71bde88,0x00000000d7280000)
  to   space 4096K, 0% used [0x00000000d7280000,0x00000000d7280000,0x00000000d7680000)
 ParOldGen       total 68608K, used 16K [0x0000000080000000, 0x0000000084300000, 0x00000000d5580000)
  object space 68608K, 0% used [0x0000000080000000,0x0000000080004000,0x0000000084300000)
 Metaspace       used 7946K, committed 8192K, reserved 1114112K
  class space    used 829K, committed 960K, reserved 1048576K
}
Event: 1.336 GC heap after
{Heap after GC invocations=2 (full 0):
 PSYoungGen      total 29696K, used 4086K [0x00000000d5580000, 0x00000000d7680000, 0x0000000100000000)
  eden space 25600K, 0% used [0x00000000d5580000,0x00000000d5580000,0x00000000d6e80000)
  from space 4096K, 99% used [0x00000000d7280000,0x00000000d767d810,0x00000000d7680000)
  to   space 4096K, 0% used [0x00000000d6e80000,0x00000000d6e80000,0x00000000d7280000)
 ParOldGen       total 68608K, used 2041K [0x0000000080000000, 0x0000000084300000, 0x00000000d5580000)
  object space 68608K, 2% used [0x0000000080000000,0x00000000801fe648,0x0000000084300000)
 Metaspace       used 7946K, committed 8192K, reserved 1114112K
  class space    used 829K, committed 960K, reserved 1048576K
}
Event: 1.671 GC heap before
{Heap before GC invocations=3 (full 0):
 PSYoungGen      total 29696K, used 29520K [0x00000000d5580000, 0x00000000d7680000, 0x0000000100000000)
  eden space 25600K, 99% used [0x00000000d5580000,0x00000000d6e56a68,0x00000000d6e80000)
  from space 4096K, 99% used [0x00000000d7280000,0x00000000d767d810,0x00000000d7680000)
  to   space 4096K, 0% used [0x00000000d6e80000,0x00000000d6e80000,0x00000000d7280000)
 ParOldGen       total 68608K, used 2041K [0x0000000080000000, 0x0000000084300000, 0x00000000d5580000)
  object space 68608K, 2% used [0x0000000080000000,0x00000000801fe648,0x0000000084300000)
 Metaspace       used 9412K, committed 9728K, reserved 1114112K
  class space    used 1008K, committed 1152K, reserved 1048576K
}
Event: 1.680 GC heap after
{Heap after GC invocations=3 (full 0):
 PSYoungGen      total 29696K, used 4069K [0x00000000d5580000, 0x00000000d7680000, 0x0000000100000000)
  eden space 25600K, 0% used [0x00000000d5580000,0x00000000d5580000,0x00000000d6e80000)
  from space 4096K, 99% used [0x00000000d6e80000,0x00000000d72794b8,0x00000000d7280000)
  to   space 4096K, 0% used [0x00000000d7280000,0x00000000d7280000,0x00000000d7680000)
 ParOldGen       total 68608K, used 5161K [0x0000000080000000, 0x0000000084300000, 0x00000000d5580000)
  object space 68608K, 7% used [0x0000000080000000,0x000000008050a790,0x0000000084300000)
 Metaspace       used 9412K, committed 9728K, reserved 1114112K
  class space    used 1008K, committed 1152K, reserved 1048576K
}

Dll operation events (9 events):
Event: 0.007 Loaded shared library c:\Users\prav\.vscode\extensions\redhat.java-1.54.0-win32-x64\jre\21.0.10-win32-x86_64\bin\java.dll
Event: 0.058 Loaded shared library c:\Users\prav\.vscode\extensions\redhat.java-1.54.0-win32-x64\jre\21.0.10-win32-x86_64\bin\zip.dll
Event: 0.075 Loaded shared library C:\Users\prav\.vscode\extensions\redhat.java-1.54.0-win32-x64\jre\21.0.10-win32-x86_64\bin\instrument.dll
Event: 0.081 Loaded shared library C:\Users\prav\.vscode\extensions\redhat.java-1.54.0-win32-x64\jre\21.0.10-win32-x86_64\bin\net.dll
Event: 0.083 Loaded shared library C:\Users\prav\.vscode\extensions\redhat.java-1.54.0-win32-x64\jre\21.0.10-win32-x86_64\bin\nio.dll
Event: 0.085 Loaded shared library C:\Users\prav\.vscode\extensions\redhat.java-1.54.0-win32-x64\jre\21.0.10-win32-x86_64\bin\zip.dll
Event: 0.103 Loaded shared library C:\Users\prav\.vscode\extensions\redhat.java-1.54.0-win32-x64\jre\21.0.10-win32-x86_64\bin\jimage.dll
Event: 0.178 Loaded shared library c:\Users\prav\.vscode\extensions\redhat.java-1.54.0-win32-x64\jre\21.0.10-win32-x86_64\bin\verify.dll
Event: 1.357 Loaded shared library C:\Users\prav\AppData\Roaming\Code\User\globalStorage\redhat.java\1.54.0\config_win\org.eclipse.equinox.launcher\org.eclipse.equinox.launcher.win32.win32.x86_64_1.3.0.v20260203-2149\eclipse_11919.dll

Deoptimization events (20 events):
Event: 1.751 Thread 0x000002146cbd4d00 DEOPT PACKING pc=0x000002141680a2c9 sp=0x000000f1da3fd280
Event: 1.751 Thread 0x000002146cbd4d00 DEOPT UNPACKING pc=0x000002141d9b4242 sp=0x000000f1da3fc6f0 mode 0
Event: 1.760 Thread 0x000002146cbd4d00 Uncommon trap: trap_request=0xffffff45 fr.pc=0x000002141df6becc relative=0x000000000000018c
Event: 1.760 Thread 0x000002146cbd4d00 Uncommon trap: reason=unstable_if action=reinterpret pc=0x000002141df6becc method=java.lang.String.startsWith(Ljava/lang/String;I)Z @ 50 c2
Event: 1.760 Thread 0x000002146cbd4d00 DEOPT PACKING pc=0x000002141df6becc sp=0x000000f1da3fe390
Event: 1.760 Thread 0x000002146cbd4d00 DEOPT UNPACKING pc=0x000002141d9b3aa2 sp=0x000000f1da3fe2c0 mode 2
Event: 1.761 Thread 0x000002146cbd4d00 DEOPT PACKING pc=0x000002141680a2c9 sp=0x000000f1da3fdba0
Event: 1.761 Thread 0x000002146cbd4d00 DEOPT UNPACKING pc=0x000002141d9b4242 sp=0x000000f1da3fd010 mode 0
Event: 1.769 Thread 0x000002146cbd4d00 DEOPT PACKING pc=0x00000214167ad075 sp=0x000000f1da3fdf80
Event: 1.769 Thread 0x000002146cbd4d00 DEOPT UNPACKING pc=0x000002141d9b4242 sp=0x000000f1da3fd460 mode 0
Event: 1.769 Thread 0x000002146cbd4d00 DEOPT PACKING pc=0x000002141680a2c9 sp=0x000000f1da3fdbb0
Event: 1.769 Thread 0x000002146cbd4d00 DEOPT UNPACKING pc=0x000002141d9b4242 sp=0x000000f1da3fd020 mode 0
Event: 1.773 Thread 0x000002146cbd4d00 DEOPT PACKING pc=0x00000214167ad075 sp=0x000000f1da3fdf80
Event: 1.773 Thread 0x000002146cbd4d00 DEOPT UNPACKING pc=0x000002141d9b4242 sp=0x000000f1da3fd460 mode 0
Event: 1.786 Thread 0x000002146cbd4d00 DEOPT PACKING pc=0x00000214167ad075 sp=0x000000f1da3fdf80
Event: 1.786 Thread 0x000002146cbd4d00 DEOPT UNPACKING pc=0x000002141d9b4242 sp=0x000000f1da3fd460 mode 0
Event: 3.205 Thread 0x000002146cbd4d00 Uncommon trap: trap_request=0xffffff45 fr.pc=0x000002141dffbcf4 relative=0x0000000000001254
Event: 3.205 Thread 0x000002146cbd4d00 Uncommon trap: reason=unstable_if action=reinterpret pc=0x000002141dffbcf4 method=java.util.Properties.loadConvert([CIILjava/lang/StringBuilder;)Ljava/lang/String; @ 491 c2
Event: 3.206 Thread 0x000002146cbd4d00 DEOPT PACKING pc=0x000002141dffbcf4 sp=0x000000f1da3fde30
Event: 3.206 Thread 0x000002146cbd4d00 DEOPT UNPACKING pc=0x000002141d9b3aa2 sp=0x000000f1da3fde20 mode 2

Classes loaded (20 events):
Event: 1.517 Loading class sun/util/resources/LocaleData$CommonResourceBundleProvider
Event: 1.517 Loading class sun/util/resources/LocaleData$LocaleDataResourceBundleProvider
Event: 1.517 Loading class java/util/spi/ResourceBundleProvider
Event: 1.517 Loading class java/util/spi/ResourceBundleProvider done
Event: 1.517 Loading class sun/util/resources/LocaleData$LocaleDataResourceBundleProvider done
Event: 1.517 Loading class sun/util/resources/LocaleData$CommonResourceBundleProvider done
Event: 1.519 Loading class sun/text/resources/cldr/FormatData_en
Event: 1.520 Loading class sun/text/resources/cldr/FormatData_en done
Event: 1.520 Loading class sun/util/resources/Bundles$2
Event: 1.520 Loading class sun/util/resources/Bundles$2 done
Event: 3.198 Loading class java/util/zip/DataFormatException
Event: 3.198 Loading class java/util/zip/DataFormatException done
Event: 3.207 Loading class java/lang/invoke/DirectMethodHandle$StaticAccessor
Event: 3.207 Loading class java/lang/invoke/DirectMethodHandle$StaticAccessor done
Event: 3.227 Loading class java/lang/StackTraceElement$HashedModules
Event: 3.227 Loading class java/lang/StackTraceElement$HashedModules done
Event: 3.233 Loading class sun/nio/cs/UTF_8$Encoder
Event: 3.234 Loading class sun/nio/cs/UTF_8$Encoder done
Event: 3.249 Loading class java/lang/IllegalAccessError
Event: 3.250 Loading class java/lang/IllegalAccessError done

Classes unloaded (0 events):
No events

Classes redefined (0 events):
No events

Internal exceptions (20 events):
Event: 0.787 Thread 0x000002141322fa50 Exception <a 'java/lang/NoSuchMethodError'{0x00000000d573d7a0}: 'void java.lang.invoke.DirectMethodHandle$Holder.invokeStatic(java.lang.Object, java.lang.Object, java.lang.Object, java.lang.Object)'> (0x00000000d573d7a0) 
thrown [s\src\hotspot\share\interpreter\linkResolver.cpp, line 773]
Event: 0.788 Thread 0x000002141322fa50 Implicit null exception at 0x000002141df6301a to 0x000002141df63224
Event: 0.788 Thread 0x000002141322fa50 Implicit null exception at 0x000002141df5adbd to 0x000002141df5ae41
Event: 0.869 Thread 0x000002141322fa50 Exception <a 'java/lang/NoSuchMethodError'{0x00000000d59e5c40}: 'void java.lang.invoke.DirectMethodHandle$Holder.invokeSpecial(java.lang.Object, java.lang.Object, java.lang.Object)'> (0x00000000d59e5c40) 
thrown [s\src\hotspot\share\interpreter\linkResolver.cpp, line 773]
Event: 1.087 Thread 0x000002141322fa50 Exception <a 'java/lang/NoSuchMethodError'{0x00000000d6456418}: 'int java.lang.invoke.DirectMethodHandle$Holder.invokeVirtual(java.lang.Object, java.lang.Object)'> (0x00000000d6456418) 
thrown [s\src\hotspot\share\interpreter\linkResolver.cpp, line 773]
Event: 1.126 Thread 0x000002141322fa50 Exception <a 'java/lang/NoSuchMethodError'{0x00000000d65cc928}: 'int java.lang.invoke.DirectMethodHandle$Holder.invokeStaticInit(java.lang.Object, java.lang.Object, java.lang.Object, java.lang.Object)'> (0x00000000d65cc928) 
thrown [s\src\hotspot\share\interpreter\linkResolver.cpp, line 773]
Event: 1.127 Thread 0x000002141322fa50 Exception <a 'java/lang/IncompatibleClassChangeError'{0x00000000d65d4f80}: Found class java.lang.Object, but interface was expected> (0x00000000d65d4f80) 
thrown [s\src\hotspot\share\interpreter\linkResolver.cpp, line 840]
Event: 1.128 Thread 0x000002141322fa50 Exception <a 'java/lang/NoSuchMethodError'{0x00000000d65db550}: 'void java.lang.invoke.DirectMethodHandle$Holder.invokeStaticInit(java.lang.Object, java.lang.Object)'> (0x00000000d65db550) 
thrown [s\src\hotspot\share\interpreter\linkResolver.cpp, line 773]
Event: 1.128 Thread 0x000002141322fa50 Exception <a 'java/lang/NoSuchMethodError'{0x00000000d65e4728}: 'int java.lang.invoke.DirectMethodHandle$Holder.invokeStaticInit(java.lang.Object, java.lang.Object)'> (0x00000000d65e4728) 
thrown [s\src\hotspot\share\interpreter\linkResolver.cpp, line 773]
Event: 1.172 Thread 0x000002141322fa50 Exception <a 'java/lang/NoSuchMethodError'{0x00000000d682d8f0}: 'java.lang.Object java.lang.invoke.DirectMethodHandle$Holder.newInvokeSpecial(java.lang.Object, int, java.lang.Object)'> (0x00000000d682d8f0) 
thrown [s\src\hotspot\share\interpreter\linkResolver.cpp, line 773]
Event: 1.209 Thread 0x000002141322fa50 Exception <a 'java/lang/ClassNotFoundException'{0x00000000d6a45648}: sun/net/www/protocol/plurl/Handler> (0x00000000d6a45648) 
thrown [s\src\hotspot\share\classfile\systemDictionary.cpp, line 312]
Event: 1.209 Thread 0x000002141322fa50 Exception <a 'java/lang/ClassNotFoundException'{0x00000000d6a464c8}: sun/net/www/protocol/plurl/Handler> (0x00000000d6a464c8) 
thrown [s\src\hotspot\share\classfile\systemDictionary.cpp, line 312]
Event: 1.354 Thread 0x000002141322fa50 Exception <a 'java/lang/UnsatisfiedLinkError'{0x00000000d55df998}: 'void org.eclipse.equinox.launcher.JNIBridge._update_splash()'> (0x00000000d55df998) 
thrown [s\src\hotspot\share\prims\nativeLookup.cpp, line 415]
Event: 1.386 Thread 0x000002146cbd60b0 Exception <a 'java/lang/NoSuchMethodError'{0x00000000d5868400}: 'void java.lang.invoke.DirectMethodHandle$Holder.invokeInterface(java.lang.Object, java.lang.Object, java.lang.Object)'> (0x00000000d5868400) 
thrown [s\src\hotspot\share\interpreter\linkResolver.cpp, line 773]
Event: 1.462 Thread 0x000002146cbd4d00 Exception <a 'java/lang/NoSuchMethodError'{0x00000000d5c2cb78}: 'java.lang.Object java.lang.invoke.DirectMethodHandle$Holder.newInvokeSpecial(java.lang.Object, java.lang.Object, int, java.lang.Object)'> (0x00000000d5c2cb78) 
thrown [s\src\hotspot\share\interpreter\linkResolver.cpp, line 773]
Event: 1.463 Thread 0x000002146cbd4d00 Exception <a 'java/lang/NoSuchMethodError'{0x00000000d5c309a8}: 'java.lang.Object java.lang.invoke.DirectMethodHandle$Holder.invokeSpecial(java.lang.Object, java.lang.Object, java.lang.Object, int, java.lang.Object)'> (0x00000000d5c309a8) 
thrown [s\src\hotspot\share\interpreter\linkResolver.cpp, line 773]
Event: 1.482 Thread 0x000002146cbd4d00 Exception <a 'java/lang/NoClassDefFoundError'{0x00000000d5cd7a20}: jakarta/servlet/ServletContainerInitializer> (0x00000000d5cd7a20) 
thrown [s\src\hotspot\share\classfile\systemDictionary.cpp, line 301]
Event: 1.503 Thread 0x000002146cbd4d00 Exception <a 'java/lang/ClassNotFoundException'{0x00000000d5e2cad8}: sun/util/logging/resources/spi/loggingProvider> (0x00000000d5e2cad8) 
thrown [s\src\hotspot\share\classfile\systemDictionary.cpp, line 312]
Event: 3.198 Thread 0x000002146cbd4d00 Exception <a 'java/lang/OutOfMemoryError'{0x00000000d62cd380}> (0x00000000d62cd380) 
thrown [s\src\hotspot\share\prims\jni.cpp, line 539]
Event: 3.210 Thread 0x000002146cbd4d00 Exception <a 'java/lang/NoSuchMethodError'{0x00000000d6324d50}: 'void java.lang.invoke.Invokers$Holder.invokeExact_MT(java.lang.Object, java.lang.Object, java.lang.Object)'> (0x00000000d6324d50) 
thrown [s\src\hotspot\share\interpreter\linkResolver.cpp, line 773]

ZGC Phase Switch (0 events):
No events

VM Operations (20 events):
Event: 1.197 Executing non-safepoint VM operation: HandshakeAllThreads (Deoptimize)
Event: 1.197 Executing non-safepoint VM operation: HandshakeAllThreads (Deoptimize) done
Event: 1.205 Executing non-safepoint VM operation: HandshakeAllThreads (Deoptimize)
Event: 1.206 Executing non-safepoint VM operation: HandshakeAllThreads (Deoptimize) done
Event: 1.328 Executing safepoint VM operation: ParallelGCFailedAllocation (Allocation Failure)
Event: 1.336 Executing safepoint VM operation: ParallelGCFailedAllocation (Allocation Failure) done
Event: 1.493 Executing non-safepoint VM operation: HandshakeAllThreads (Deoptimize)
Event: 1.494 Executing non-safepoint VM operation: HandshakeAllThreads (Deoptimize) done
Event: 1.512 Executing non-safepoint VM operation: HandshakeAllThreads (Deoptimize)
Event: 1.512 Executing non-safepoint VM operation: HandshakeAllThreads (Deoptimize) done
Event: 1.528 Executing non-safepoint VM operation: HandshakeAllThreads (Deoptimize)
Event: 1.529 Executing non-safepoint VM operation: HandshakeAllThreads (Deoptimize) done
Event: 1.537 Executing non-safepoint VM operation: HandshakeAllThreads (Deoptimize)
Event: 1.537 Executing non-safepoint VM operation: HandshakeAllThreads (Deoptimize) done
Event: 1.670 Executing safepoint VM operation: ParallelGCFailedAllocation (Allocation Failure)
Event: 1.680 Executing safepoint VM operation: ParallelGCFailedAllocation (Allocation Failure) done
Event: 1.839 Executing non-safepoint VM operation: HandshakeAllThreads (Deoptimize)
Event: 1.839 Executing non-safepoint VM operation: HandshakeAllThreads (Deoptimize) done
Event: 2.849 Executing safepoint VM operation: Cleanup
Event: 2.849 Executing safepoint VM operation: Cleanup done

Memory protections (0 events):
No events

Nmethod flushes (0 events):
No events

Events (20 events):
Event: 0.017 Thread 0x000002141322fa50 Thread added: 0x000002141322fa50
Event: 0.031 Thread 0x000002141322fa50 Thread added: 0x000002146cbc44b0
Event: 0.031 Thread 0x000002141322fa50 Thread added: 0x00000214131dd5d0
Event: 0.031 Thread 0x000002141322fa50 Thread added: 0x000002146cbc8a50
Event: 0.032 Thread 0x000002141322fa50 Thread added: 0x000002146cbc9830
Event: 0.032 Thread 0x000002141322fa50 Thread added: 0x000002146cbd4670
Event: 0.032 Thread 0x000002141322fa50 Thread added: 0x000002146cbd3950
Event: 0.032 Thread 0x000002141322fa50 Thread added: 0x000002146cbdd890
Event: 0.032 Thread 0x000002141322fa50 Thread added: 0x000002146cbfc280
Event: 0.063 Thread 0x000002146cbfc280 Thread added: 0x000002146cd06eb0
Event: 0.078 Thread 0x000002141322fa50 Thread added: 0x000002146cbd5390
Event: 0.272 Thread 0x000002141322fa50 Thread added: 0x000002146cbd5a20
Event: 0.369 Thread 0x000002146cbfc280 Thread added: 0x0000021471195810
Event: 1.137 Thread 0x000002141322fa50 Thread added: 0x000002146cbd3fe0
Event: 1.353 Thread 0x000002141322fa50 Thread added: 0x000002146cbd60b0
Event: 1.388 Thread 0x000002146cbd60b0 Thread added: 0x000002146cbd6740
Event: 1.391 Thread 0x000002141322fa50 Thread added: 0x000002146cbd4d00
Event: 1.720 Thread 0x000002146cbd4d00 Thread added: 0x000002146cbd6dd0
Event: 1.962 Thread 0x0000021471195810 Thread exited: 0x0000021471195810
Event: 1.962 Thread 0x000002146cd06eb0 Thread exited: 0x000002146cd06eb0


Dynamic libraries:
0x00007ff75f280000 - 0x00007ff75f28e000 	c:\Users\prav\.vscode\extensions\redhat.java-1.54.0-win32-x64\jre\21.0.10-win32-x86_64\bin\java.exe
0x00007ffe55320000 - 0x00007ffe55587000 	C:\WINDOWS\SYSTEM32\ntdll.dll
0x00007ffe53cf0000 - 0x00007ffe53db9000 	C:\WINDOWS\System32\KERNEL32.DLL
0x00007ffe52a20000 - 0x00007ffe52e0f000 	C:\WINDOWS\System32\KERNELBASE.dll
0x00007ffe52470000 - 0x00007ffe525bb000 	C:\WINDOWS\System32\ucrtbase.dll
0x00007ffddb720000 - 0x00007ffddb738000 	c:\Users\prav\.vscode\extensions\redhat.java-1.54.0-win32-x64\jre\21.0.10-win32-x86_64\bin\jli.dll
0x00007ffde49d0000 - 0x00007ffde49ee000 	c:\Users\prav\.vscode\extensions\redhat.java-1.54.0-win32-x64\jre\21.0.10-win32-x86_64\bin\VCRUNTIME140.dll
0x00007ffe54ea0000 - 0x00007ffe55065000 	C:\WINDOWS\System32\USER32.dll
0x00007ffe346e0000 - 0x00007ffe34973000 	C:\WINDOWS\WinSxS\amd64_microsoft.windows.common-controls_6595b64144ccf1df_6.0.26100.7309_none_3e05feeae336a044\COMCTL32.dll
0x00007ffe525c0000 - 0x00007ffe525e7000 	C:\WINDOWS\System32\win32u.dll
0x00007ffe54c30000 - 0x00007ffe54cd9000 	C:\WINDOWS\System32\msvcrt.dll
0x00007ffe534e0000 - 0x00007ffe5350b000 	C:\WINDOWS\System32\GDI32.dll
0x00007ffe52f90000 - 0x00007ffe530bc000 	C:\WINDOWS\System32\gdi32full.dll
0x00007ffe52970000 - 0x00007ffe52a13000 	C:\WINDOWS\System32\msvcp_win.dll
0x00007ffe541a0000 - 0x00007ffe541d1000 	C:\WINDOWS\System32\IMM32.DLL
0x00007ffe27540000 - 0x00007ffe2754c000 	c:\Users\prav\.vscode\extensions\redhat.java-1.54.0-win32-x64\jre\21.0.10-win32-x86_64\bin\vcruntime140_1.dll
0x00007ffdd17f0000 - 0x00007ffdd187d000 	c:\Users\prav\.vscode\extensions\redhat.java-1.54.0-win32-x64\jre\21.0.10-win32-x86_64\bin\msvcp140.dll
0x00007ffd72b30000 - 0x00007ffd738d1000 	c:\Users\prav\.vscode\extensions\redhat.java-1.54.0-win32-x64\jre\21.0.10-win32-x86_64\bin\server\jvm.dll
0x00007ffe53bb0000 - 0x00007ffe53c64000 	C:\WINDOWS\System32\ADVAPI32.dll
0x00007ffe53ec0000 - 0x00007ffe53f66000 	C:\WINDOWS\System32\sechost.dll
0x00007ffe54b10000 - 0x00007ffe54c28000 	C:\WINDOWS\System32\RPCRT4.dll
0x00007ffe53c70000 - 0x00007ffe53ce4000 	C:\WINDOWS\System32\WS2_32.dll
0x00007ffe4a3b0000 - 0x00007ffe4a3e5000 	C:\WINDOWS\SYSTEM32\WINMM.dll
0x00007ffe522d0000 - 0x00007ffe5232e000 	C:\WINDOWS\SYSTEM32\POWRPROF.dll
0x00007ffe39a70000 - 0x00007ffe39a7b000 	C:\WINDOWS\SYSTEM32\VERSION.dll
0x00007ffe522b0000 - 0x00007ffe522c4000 	C:\WINDOWS\SYSTEM32\UMPDC.dll
0x00007ffe51220000 - 0x00007ffe5123b000 	C:\WINDOWS\SYSTEM32\kernel.appcore.dll
0x00007ffe13c30000 - 0x00007ffe13c3a000 	c:\Users\prav\.vscode\extensions\redhat.java-1.54.0-win32-x64\jre\21.0.10-win32-x86_64\bin\jimage.dll
0x00007ffe4fa60000 - 0x00007ffe4fca2000 	C:\WINDOWS\SYSTEM32\DBGHELP.DLL
0x00007ffe53140000 - 0x00007ffe534c5000 	C:\WINDOWS\System32\combase.dll
0x00007ffe54990000 - 0x00007ffe54a66000 	C:\WINDOWS\System32\OLEAUT32.dll
0x00007ffe34460000 - 0x00007ffe3449c000 	C:\WINDOWS\SYSTEM32\dbgcore.DLL
0x00007ffe52800000 - 0x00007ffe528a5000 	C:\WINDOWS\System32\bcryptPrimitives.dll
0x00007ffe13360000 - 0x00007ffe1336f000 	c:\Users\prav\.vscode\extensions\redhat.java-1.54.0-win32-x64\jre\21.0.10-win32-x86_64\bin\instrument.dll
0x00007ffdd3730000 - 0x00007ffdd3750000 	c:\Users\prav\.vscode\extensions\redhat.java-1.54.0-win32-x64\jre\21.0.10-win32-x86_64\bin\java.dll
0x00007ffe541e0000 - 0x00007ffe54933000 	C:\WINDOWS\System32\SHELL32.dll
0x00007ffe52e20000 - 0x00007ffe52f8a000 	C:\WINDOWS\System32\wintypes.dll
0x00007ffe50050000 - 0x00007ffe508ae000 	C:\WINDOWS\SYSTEM32\windows.storage.dll
0x00007ffe551e0000 - 0x00007ffe552d5000 	C:\WINDOWS\System32\SHCORE.dll
0x00007ffe54a70000 - 0x00007ffe54ad6000 	C:\WINDOWS\System32\shlwapi.dll
0x00007ffe52390000 - 0x00007ffe523b9000 	C:\WINDOWS\SYSTEM32\profapi.dll
0x00007ffdd19d0000 - 0x00007ffdd19e8000 	c:\Users\prav\.vscode\extensions\redhat.java-1.54.0-win32-x64\jre\21.0.10-win32-x86_64\bin\zip.dll
0x00007ffe12fd0000 - 0x00007ffe12fe0000 	C:\Users\prav\.vscode\extensions\redhat.java-1.54.0-win32-x64\jre\21.0.10-win32-x86_64\bin\net.dll
0x00007ffe4a160000 - 0x00007ffe4a288000 	C:\WINDOWS\SYSTEM32\WINHTTP.dll
0x00007ffe51790000 - 0x00007ffe517fb000 	C:\WINDOWS\system32\mswsock.dll
0x00007ffdd19b0000 - 0x00007ffdd19c6000 	C:\Users\prav\.vscode\extensions\redhat.java-1.54.0-win32-x64\jre\21.0.10-win32-x86_64\bin\nio.dll
0x00007ffe12770000 - 0x00007ffe12780000 	c:\Users\prav\.vscode\extensions\redhat.java-1.54.0-win32-x64\jre\21.0.10-win32-x86_64\bin\verify.dll
0x00007ffe37280000 - 0x00007ffe372c5000 	C:\Users\prav\AppData\Roaming\Code\User\globalStorage\redhat.java\1.54.0\config_win\org.eclipse.equinox.launcher\org.eclipse.equinox.launcher.win32.win32.x86_64_1.3.0.v20260203-2149\eclipse_11919.dll
0x00007ffe53f80000 - 0x00007ffe54117000 	C:\WINDOWS\System32\ole32.dll

JVMTI agents:
c:\Users\prav\.vscode\extensions\redhat.java-1.54.0-win32-x64\lombok\lombok-1.18.39-4050.jar path:c:\Users\prav\.vscode\extensions\redhat.java-1.54.0-win32-x64\jre\21.0.10-win32-x86_64\bin\instrument.dll, loaded, initialized, instrumentlib options:none

dbghelp: loaded successfully - version: 4.0.5 - missing functions: none
symbol engine: initialized successfully - sym options: 0x614 - pdb path: .;c:\Users\prav\.vscode\extensions\redhat.java-1.54.0-win32-x64\jre\21.0.10-win32-x86_64\bin;C:\WINDOWS\SYSTEM32;C:\WINDOWS\WinSxS\amd64_microsoft.windows.common-controls_6595b64144ccf1df_6.0.26100.7309_none_3e05feeae336a044;c:\Users\prav\.vscode\extensions\redhat.java-1.54.0-win32-x64\jre\21.0.10-win32-x86_64\bin\server;C:\Users\prav\AppData\Roaming\Code\User\globalStorage\redhat.java\1.54.0\config_win\org.eclipse.equinox.launcher\org.eclipse.equinox.launcher.win32.win32.x86_64_1.3.0.v20260203-2149

VM Arguments:
jvm_args: --add-modules=ALL-SYSTEM --add-opens=java.base/java.util=ALL-UNNAMED --add-opens=java.base/java.lang=ALL-UNNAMED --add-opens=java.base/sun.nio.fs=ALL-UNNAMED -Declipse.application=org.eclipse.jdt.ls.core.id1 -Dosgi.bundles.defaultStartLevel=4 -Declipse.product=org.eclipse.jdt.ls.core.product -Djava.import.generatesMetadataFilesAtProjectRoot=false -DDetectVMInstallationsJob.disabled=true -Dfile.encoding=utf8 -XX:+UseParallelGC -XX:GCTimeRatio=4 -XX:AdaptiveSizePolicyWeight=90 -Dsun.zip.disableMemoryMapping=true -Xmx2G -Xms100m -Xlog:disable -javaagent:c:\Users\prav\.vscode\extensions\redhat.java-1.54.0-win32-x64\lombok\lombok-1.18.39-4050.jar -XX:+HeapDumpOnOutOfMemoryError -XX:HeapDumpPath=c:\Users\prav\AppData\Roaming\Code\User\workspaceStorage\583b31a5c4192fea81c55adec2474e07\redhat.java -Daether.dependencyCollector.impl=bf 
java_command: c:\Users\prav\.vscode\extensions\redhat.java-1.54.0-win32-x64\server\plugins\org.eclipse.equinox.launcher_1.7.100.v20251111-0406.jar -configuration c:\Users\prav\AppData\Roaming\Code\User\globalStorage\redhat.java\1.54.0\config_win -data c:\Users\prav\AppData\Roaming\Code\User\workspaceStorage\583b31a5c4192fea81c55adec2474e07\redhat.java\jdt_ws --pipe=\\.\pipe\lsp-9b586eddac6750e1407d681efa9de0db-sock
java_class_path (initial): c:\Users\prav\.vscode\extensions\redhat.java-1.54.0-win32-x64\server\plugins\org.eclipse.equinox.launcher_1.7.100.v20251111-0406.jar
Launcher Type: SUN_STANDARD

[Global flags]
    uintx AdaptiveSizePolicyWeight                 = 90                                        {product} {command line}
     intx CICompilerCount                          = 4                                         {product} {ergonomic}
    uintx GCTimeRatio                              = 4                                         {product} {command line}
     bool HeapDumpOnOutOfMemoryError               = true                                   {manageable} {command line}
    ccstr HeapDumpPath                             = c:\Users\prav\AppData\Roaming\Code\User\workspaceStorage\583b31a5c4192fea81c55adec2474e07\redhat.java         {manageable} {command line}
   size_t InitialHeapSize                          = 104857600                                 {product} {command line}
   size_t MaxHeapSize                              = 2147483648                                {product} {command line}
   size_t MaxNewSize                               = 715653120                                 {product} {ergonomic}
   size_t MinHeapDeltaBytes                        = 524288                                    {product} {ergonomic}
   size_t MinHeapSize                              = 104857600                                 {product} {command line}
   size_t NewSize                                  = 34603008                                  {product} {ergonomic}
    uintx NonNMethodCodeHeapSize                   = 5839372                                {pd product} {ergonomic}
    uintx NonProfiledCodeHeapSize                  = 122909434                              {pd product} {ergonomic}
   size_t OldSize                                  = 70254592                                  {product} {ergonomic}
    uintx ProfiledCodeHeapSize                     = 122909434                              {pd product} {ergonomic}
    uintx ReservedCodeCacheSize                    = 251658240                              {pd product} {ergonomic}
     bool SegmentedCodeCache                       = true                                      {product} {ergonomic}
   size_t SoftMaxHeapSize                          = 2147483648                             {manageable} {ergonomic}
     bool UseCompressedOops                        = true                           {product lp64_product} {ergonomic}
     bool UseLargePagesIndividualAllocation        = false                                  {pd product} {ergonomic}
     bool UseParallelGC                            = true                                      {product} {command line}

Logging:
Log output configuration:
 #0: stdout all=off uptime,level,tags foldmultilines=false
 #1: stderr all=off uptime,level,tags foldmultilines=false

Release file:
JAVA_VERSION="21.0.10" 
MODULES="java.base java.compiler java.datatransfer java.xml java.prefs java.desktop java.instrument java.logging java.management java.security.sasl java.naming java.rmi java.management.rmi java.net.http java.scripting java.security.jgss java.transaction.xa java.sql java.sql.rowset java.xml.crypto java.se java.smartcardio jdk.accessibility jdk.internal.jvmstat jdk.attach jdk.charsets jdk.internal.opt jdk.zipfs jdk.compiler jdk.crypto.ec jdk.crypto.cryptoki jdk.crypto.mscapi jdk.dynalink jdk.internal.ed jdk.editpad jdk.hotspot.agent jdk.httpserver jdk.internal.le jdk.internal.vm.ci jdk.internal.vm.compiler jdk.internal.vm.compiler.management jdk.jartool jdk.javadoc jdk.jcmd jdk.management jdk.management.agent jdk.jconsole jdk.jdeps jdk.jdwp.agent jdk.jdi jdk.jfr jdk.jshell jdk.jsobject jdk.jstatd jdk.localedata jdk.management.jfr jdk.naming.dns jdk.naming.rmi jdk.net jdk.nio.mapmode jdk.random jdk.sctp jdk.security.auth jdk.security.jgss jdk.unsupported jdk.unsupported.desktop jdk.xml.dom" 

Environment Variables:
JAVA_HOME=C:\Program Files\Microsoft\jdk-17.0.10.7-hotspot
PATH=C:\Users\prav\AppData\Local\Programs\Microsoft VS Code;C:\Program Files\Microsoft\jdk-17.0.10.7-hotspot\bin;C:\Program Files\Java\jdk-25\bin;C:\Users\prav\AppData\Local\Android\Sdk\platform-tools;C:\Users\prav\AppData\Local\Android\Sdk\emulator;C:\Program Files\nodejs;C:\Windows\System32;C:\Windows;C:\Windows\System32\Wbem;C:\Users\prav\AppData\Local\Android\Sdk\tools;C:\Users\prav\AppData\Local\Microsoft\WindowsApps;C:\Users\prav\AppData\Local\Programs\Microsoft VS Code\bin;C:\Users\prav\AppData\Roaming\npm;C:\Users\prav\AppData\Roaming\npm;C:\Users\prav\AppData\Roaming\Python\Python313\Scripts;C:\Program Files\Tesseract-OCR;C:\yt-dlp;C:\Program Files\Microsoft\jdk-17.0.10.7-hotspot\bin;C:\Users\prav\AppData\Local\Python\bin
USERNAME=prav
OS=Windows_NT
PROCESSOR_IDENTIFIER=Intel64 Family 6 Model 154 Stepping 4, GenuineIntel
TMP=C:\Users\prav\AppData\Local\Temp
TEMP=C:\Users\prav\AppData\Local\Temp




Periodic native trim disabled

---------------  S Y S T E M  ---------------

OS:
 Windows 11 , 64 bit Build 26100 (10.0.26100.7309)
OS uptime: 1 days 22:36 hours
Hyper-V role detected

CPU: total 12 (initial active 12) (6 cores per cpu, 2 threads per core) family 6 model 154 stepping 4 microcode 0x432, cx8, cmov, fxsr, ht, mmx, 3dnowpref, sse, sse2, sse3, ssse3, sse4.1, sse4.2, popcnt, lzcnt, tsc, tscinvbit, avx, avx2, aes, erms, clmul, bmi1, bmi2, adx, sha, fma, vzeroupper, clflush, clflushopt, clwb, hv, serialize, rdtscp, rdpid, fsrm, f16c, cet_ibt, cet_ss
Processor Information for processor 0
  Max Mhz: 1000, Current Mhz: 1000, Mhz Limit: 1000
Processor Information for processor 1
  Max Mhz: 1000, Current Mhz: 1000, Mhz Limit: 1000
Processor Information for processor 2
  Max Mhz: 1000, Current Mhz: 1000, Mhz Limit: 1000
Processor Information for processor 3
  Max Mhz: 1000, Current Mhz: 1000, Mhz Limit: 1000
Processor Information for processor 4
  Max Mhz: 1000, Current Mhz: 700, Mhz Limit: 700
Processor Information for processor 5
  Max Mhz: 1000, Current Mhz: 700, Mhz Limit: 700
Processor Information for processor 6
  Max Mhz: 1000, Current Mhz: 700, Mhz Limit: 700
Processor Information for processor 7
  Max Mhz: 1000, Current Mhz: 700, Mhz Limit: 700
Processor Information for processor 8
  Max Mhz: 1000, Current Mhz: 700, Mhz Limit: 700
Processor Information for processor 9
  Max Mhz: 1000, Current Mhz: 700, Mhz Limit: 700
Processor Information for processor 10
  Max Mhz: 1000, Current Mhz: 700, Mhz Limit: 700
Processor Information for processor 11
  Max Mhz: 1000, Current Mhz: 700, Mhz Limit: 700

Memory: 4k page, system-wide physical 16077M (959M free)
TotalPageFile size 40487M (AvailPageFile size 0M)
current process WorkingSet (physical memory assigned to process): 115M, peak: 116M
current process commit charge ("private bytes"): 261M, peak: 263M

vm_info: OpenJDK 64-Bit Server VM (21.0.10+7-LTS) for windows-amd64 JRE (21.0.10+7-LTS), built on 2026-01-20T00:00:00Z by "admin" with MS VC++ 17.12 (VS2022)

END.
